<html>
<head>
<title>TestNG:  Test</title>
<link href="../testng.css" rel="stylesheet" type="text/css" />
<link href="../my-testng.css" rel="stylesheet" type="text/css" />

<style type="text/css">
.log { display: none;} 
.stack-trace { display: none;} 
</style>
<script type="text/javascript">
<!--
function flip(e) {
  current = e.style.display;
  if (current == 'block') {
    e.style.display = 'none';
    return 0;
  }
  else {
    e.style.display = 'block';
    return 1;
  }
}

function toggleBox(szDivId, elem, msg1, msg2)
{
  var res = -1;  if (document.getElementById) {
    res = flip(document.getElementById(szDivId));
  }
  else if (document.all) {
    // this is the way old msie versions work
    res = flip(document.all[szDivId]);
  }
  if(elem) {
    if(res == 0) elem.innerHTML = msg1; else elem.innerHTML = msg2;
  }

}

function toggleAllBoxes() {
  if (document.getElementsByTagName) {
    d = document.getElementsByTagName('div');
    for (i = 0; i < d.length; i++) {
      if (d[i].className == 'log') {
        flip(d[i]);
      }
    }
  }
}

// -->
</script>

</head>
<body>
<h2 align='center'>Test</h2><table border='1' align="center">
<tr>
<td>Tests passed/Failed/Skipped:</td><td>11/1/0</td>
</tr><tr>
<td>Started on:</td><td>Tue May 02 23:36:13 IST 2023</td>
</tr>
<tr><td>Total time:</td><td>229 seconds (229221 ms)</td>
</tr><tr>
<td>Included groups:</td><td></td>
</tr><tr>
<td>Excluded groups:</td><td></td>
</tr>
</table><p/>
<small><i>(Hover the method name to see the test class name)</i></small><p/>
<table width='100%' border='1' class='invocation-failed'>
<tr><td colspan='4' align='center'><b>FAILED TESTS</b></td></tr>
<tr><td><b>Test method</b></td>
<td width="30%"><b>Exception</b></td>
<td width="10%"><b>Time (seconds)</b></td>
<td><b>Instance</b></td>
</tr>
<tr>
<td title='TestNG_Tests.GenericVerification.Test7_check_taskID_populating_at_programs_page()'><b>Test7_check_taskID_populating_at_programs_page</b><br>Test class: TestNG_Tests.GenericVerification</td>
<td><div><pre>org.openqa.selenium.ElementClickInterceptedException: element click intercepted: Element &lt;a class=&quot;datatable_filter_dropdown sidenav-trigger&quot; style=&quot;display: flex;&quot; href=&quot;javascript:void(0)&quot; data-target=&quot;table_dropdown_cm_task_registry&quot;&gt;...&lt;/a&gt; is not clickable at point (1487, 107). Other element would receive the click: &lt;div class=&quot;ajax_preloader&quot;&gt;&lt;/div&gt;
  (Session info: chrome=112.0.5615.138)
Build info: version: &apos;3.141.59&apos;, revision: &apos;e82be7d358&apos;, time: &apos;2018-11-14T08:17:03&apos;
System info: host: &apos;CCU-SUDUTTA&apos;, ip: &apos;10.22.55.82&apos;, os.name: &apos;Windows 10&apos;, os.arch: &apos;amd64&apos;, os.version: &apos;10.0&apos;, java.version: &apos;17.0.1&apos;
Driver info: org.openqa.selenium.chrome.ChromeDriver
Capabilities {acceptInsecureCerts: false, browserName: chrome, browserVersion: 112.0.5615.138, chrome: {chromedriverVersion: 112.0.5615.49 (bd2a7bcb881c..., userDataDir: C:\chromeProfile\}, goog:chromeOptions: {debuggerAddress: localhost:55622}, javascriptEnabled: true, networkConnectionEnabled: false, pageLoadStrategy: normal, platform: WINDOWS, platformName: WINDOWS, proxy: Proxy(), setWindowRect: true, strictFileInteractability: false, timeouts: {implicit: 0, pageLoad: 300000, script: 30000}, unhandledPromptBehavior: dismiss and notify, webauthn:extension:credBlob: true, webauthn:extension:largeBlob: true, webauthn:extension:minPinLength: true, webauthn:extension:prf: true, webauthn:virtualAuthenticators: true}
Session ID: a3697f7caaa544f74b662b97c48043ef
	at org.openqa.selenium.remote.http.W3CHttpResponseCodec.createException(W3CHttpResponseCodec.java:187)
	at org.openqa.selenium.remote.http.W3CHttpResponseCodec.decode(W3CHttpResponseCodec.java:122)
	at org.openqa.selenium.remote.http.W3CHttpResponseCodec.decode(W3CHttpResponseCodec.java:49)
	at org.openqa.selenium.remote.HttpCommandExecutor.execute(HttpCommandExecutor.java:158)
	at org.openqa.selenium.remote.service.DriverCommandExecutor.execute(DriverCommandExecutor.java:83)
	at org.openqa.selenium.remote.RemoteWebDriver.execute(RemoteWebDriver.java:552)
	at org.openqa.selenium.remote.RemoteWebElement.execute(RemoteWebElement.java:285)
	at org.openqa.selenium.remote.RemoteWebElement.click(RemoteWebElement.java:84)
	at TestNG_Tests.GenericVerification.Test7_check_taskID_populating_at_programs_page(GenericVerification.java:426)
	at java.base/java.util.ArrayList.forEach(ArrayList.java:1511)
... Removed 32 stack frames</pre></div><a href='#' onClick='toggleBox("stack-trace393183035", this, "Click to show all stack frames", "Click to hide stack frames")'>Click to show all stack frames</a>
<div class='stack-trace' id='stack-trace393183035'><pre>org.openqa.selenium.ElementClickInterceptedException: element click intercepted: Element &lt;a class=&quot;datatable_filter_dropdown sidenav-trigger&quot; style=&quot;display: flex;&quot; href=&quot;javascript:void(0)&quot; data-target=&quot;table_dropdown_cm_task_registry&quot;&gt;...&lt;/a&gt; is not clickable at point (1487, 107). Other element would receive the click: &lt;div class=&quot;ajax_preloader&quot;&gt;&lt;/div&gt;
  (Session info: chrome=112.0.5615.138)
Build info: version: &apos;3.141.59&apos;, revision: &apos;e82be7d358&apos;, time: &apos;2018-11-14T08:17:03&apos;
System info: host: &apos;CCU-SUDUTTA&apos;, ip: &apos;10.22.55.82&apos;, os.name: &apos;Windows 10&apos;, os.arch: &apos;amd64&apos;, os.version: &apos;10.0&apos;, java.version: &apos;17.0.1&apos;
Driver info: org.openqa.selenium.chrome.ChromeDriver
Capabilities {acceptInsecureCerts: false, browserName: chrome, browserVersion: 112.0.5615.138, chrome: {chromedriverVersion: 112.0.5615.49 (bd2a7bcb881c..., userDataDir: C:\chromeProfile\}, goog:chromeOptions: {debuggerAddress: localhost:55622}, javascriptEnabled: true, networkConnectionEnabled: false, pageLoadStrategy: normal, platform: WINDOWS, platformName: WINDOWS, proxy: Proxy(), setWindowRect: true, strictFileInteractability: false, timeouts: {implicit: 0, pageLoad: 300000, script: 30000}, unhandledPromptBehavior: dismiss and notify, webauthn:extension:credBlob: true, webauthn:extension:largeBlob: true, webauthn:extension:minPinLength: true, webauthn:extension:prf: true, webauthn:virtualAuthenticators: true}
Session ID: a3697f7caaa544f74b662b97c48043ef
	at java.base/jdk.internal.reflect.NativeConstructorAccessorImpl.newInstance0(Native Method)
	at java.base/jdk.internal.reflect.NativeConstructorAccessorImpl.newInstance(NativeConstructorAccessorImpl.java:77)
	at java.base/jdk.internal.reflect.DelegatingConstructorAccessorImpl.newInstance(DelegatingConstructorAccessorImpl.java:45)
	at java.base/java.lang.reflect.Constructor.newInstanceWithCaller(Constructor.java:499)
	at java.base/java.lang.reflect.Constructor.newInstance(Constructor.java:480)
	at org.openqa.selenium.remote.http.W3CHttpResponseCodec.createException(W3CHttpResponseCodec.java:187)
	at org.openqa.selenium.remote.http.W3CHttpResponseCodec.decode(W3CHttpResponseCodec.java:122)
	at org.openqa.selenium.remote.http.W3CHttpResponseCodec.decode(W3CHttpResponseCodec.java:49)
	at org.openqa.selenium.remote.HttpCommandExecutor.execute(HttpCommandExecutor.java:158)
	at org.openqa.selenium.remote.service.DriverCommandExecutor.execute(DriverCommandExecutor.java:83)
	at org.openqa.selenium.remote.RemoteWebDriver.execute(RemoteWebDriver.java:552)
	at org.openqa.selenium.remote.RemoteWebElement.execute(RemoteWebElement.java:285)
	at org.openqa.selenium.remote.RemoteWebElement.click(RemoteWebElement.java:84)
	at TestNG_Tests.GenericVerification.Test7_check_taskID_populating_at_programs_page(GenericVerification.java:426)
	at java.base/jdk.internal.reflect.NativeMethodAccessorImpl.invoke0(Native Method)
	at java.base/jdk.internal.reflect.NativeMethodAccessorImpl.invoke(NativeMethodAccessorImpl.java:77)
	at java.base/jdk.internal.reflect.DelegatingMethodAccessorImpl.invoke(DelegatingMethodAccessorImpl.java:43)
	at java.base/java.lang.reflect.Method.invoke(Method.java:568)
	at org.testng.internal.MethodInvocationHelper.invokeMethod(MethodInvocationHelper.java:133)
	at org.testng.internal.TestInvoker.invokeMethod(TestInvoker.java:598)
	at org.testng.internal.TestInvoker.invokeTestMethod(TestInvoker.java:173)
	at org.testng.internal.MethodRunner.runInSequence(MethodRunner.java:46)
	at org.testng.internal.TestInvoker$MethodInvocationAgent.invoke(TestInvoker.java:824)
	at org.testng.internal.TestInvoker.invokeTestMethods(TestInvoker.java:146)
	at org.testng.internal.TestMethodWorker.invokeTestMethods(TestMethodWorker.java:146)
	at org.testng.internal.TestMethodWorker.run(TestMethodWorker.java:128)
	at java.base/java.util.ArrayList.forEach(ArrayList.java:1511)
	at org.testng.TestRunner.privateRun(TestRunner.java:794)
	at org.testng.TestRunner.run(TestRunner.java:596)
	at org.testng.SuiteRunner.runTest(SuiteRunner.java:377)
	at org.testng.SuiteRunner.runSequentially(SuiteRunner.java:371)
	at org.testng.SuiteRunner.privateRun(SuiteRunner.java:332)
	at org.testng.SuiteRunner.run(SuiteRunner.java:276)
	at org.testng.SuiteRunnerWorker.runSuite(SuiteRunnerWorker.java:53)
	at org.testng.SuiteRunnerWorker.run(SuiteRunnerWorker.java:96)
	at org.testng.TestNG.runSuitesSequentially(TestNG.java:1212)
	at org.testng.TestNG.runSuitesLocally(TestNG.java:1134)
	at org.testng.TestNG.runSuites(TestNG.java:1063)
	at org.testng.TestNG.run(TestNG.java:1031)
	at org.testng.remote.AbstractRemoteTestNG.run(AbstractRemoteTestNG.java:115)
	at org.testng.remote.RemoteTestNG.initAndRun(RemoteTestNG.java:251)
	at org.testng.remote.RemoteTestNG.main(RemoteTestNG.java:77)
</pre></div></td>
<td>14</td>
<td>TestNG_Tests.GenericVerification@29626d54</td></tr>
</table><p>
<table width='100%' border='1' class='invocation-passed'>
<tr><td colspan='4' align='center'><b>PASSED TESTS</b></td></tr>
<tr><td><b>Test method</b></td>
<td width="30%"><b>Exception</b></td>
<td width="10%"><b>Time (seconds)</b></td>
<td><b>Instance</b></td>
</tr>
<tr>
<td title='TestNG_Tests.GenericVerification.Test1_load_data()'><b>Test1_load_data</b><br>Test class: TestNG_Tests.GenericVerification</td>
<td></td>
<td>0</td>
<td>TestNG_Tests.GenericVerification@29626d54</td></tr>
<tr>
<td title='TestNG_Tests.GenericVerification.Test9_masquerade_switch_back()'><b>Test9_masquerade_switch_back</b><br>Test class: TestNG_Tests.GenericVerification</td>
<td></td>
<td>23</td>
<td>TestNG_Tests.GenericVerification@29626d54</td></tr>
<tr>
<td title='TestNG_Tests.GenericVerification.Test10_delete_CM_task_id()'><b>Test10_delete_CM_task_id</b><br>Test class: TestNG_Tests.GenericVerification</td>
<td></td>
<td>26</td>
<td>TestNG_Tests.GenericVerification@29626d54</td></tr>
<tr>
<td title='TestNG_Tests.GenericVerification.Test4_creating_a_task()'><b>Test4_creating_a_task</b><br>Test class: TestNG_Tests.GenericVerification</td>
<td></td>
<td>45</td>
<td>TestNG_Tests.GenericVerification@29626d54</td></tr>
<tr>
<td title='TestNG_Tests.GenericVerification.Test2_login_to_registry()'><b>Test2_login_to_registry</b><br>Test class: TestNG_Tests.GenericVerification</td>
<td></td>
<td>11</td>
<td>TestNG_Tests.GenericVerification@29626d54</td></tr>
<tr>
<td title='TestNG_Tests.GenericVerification.Test3_masquerade_cm_user()'><b>Test3_masquerade_cm_user</b><br>Test class: TestNG_Tests.GenericVerification</td>
<td></td>
<td>32</td>
<td>TestNG_Tests.GenericVerification@29626d54</td></tr>
<tr>
<td title='TestNG_Tests.GenericVerification.Test8_check_programID_populating_at_reports_page()'><b>Test8_check_programID_populating_at_reports_page</b><br>Test class: TestNG_Tests.GenericVerification</td>
<td></td>
<td>19</td>
<td>TestNG_Tests.GenericVerification@29626d54</td></tr>
<tr>
<td title='TestNG_Tests.GenericVerification.generate_report_file()'><b>generate_report_file</b><br>Test class: TestNG_Tests.GenericVerification</td>
<td></td>
<td>0</td>
<td>TestNG_Tests.GenericVerification@29626d54</td></tr>
<tr>
<td title='TestNG_Tests.GenericVerification.Test0_initialization()'><b>Test0_initialization</b><br>Test class: TestNG_Tests.GenericVerification</td>
<td></td>
<td>2</td>
<td>TestNG_Tests.GenericVerification@29626d54</td></tr>
<tr>
<td title='TestNG_Tests.GenericVerification.Test5_navigate_again_to_agenda_view()'><b>Test5_navigate_again_to_agenda_view</b><br>Test class: TestNG_Tests.GenericVerification</td>
<td></td>
<td>27</td>
<td>TestNG_Tests.GenericVerification@29626d54</td></tr>
<tr>
<td title='TestNG_Tests.GenericVerification.Test6_check_taskID_populating_at_agenda_view()'><b>Test6_check_taskID_populating_at_agenda_view</b><br>Test class: TestNG_Tests.GenericVerification</td>
<td></td>
<td>24</td>
<td>TestNG_Tests.GenericVerification@29626d54</td></tr>
</table><p>
</body>
</html>