<?xml version="1.0" encoding="UTF-8"?>
<!-- Generated by org.testng.reporters.JUnitXMLReporter -->
<testsuite ignored="0" hostname="CCU-SUDUTTA" failures="1" tests="12" name="Test" time="229.221" errors="0" timestamp="2023-05-02T23:40:02 IST">
  <testcase classname="TestNG_Tests.GenericVerification" name="Test0_initialization" time="2.221"/>
  <testcase classname="TestNG_Tests.GenericVerification" name="Test1_load_data" time="0.505"/>
  <testcase classname="TestNG_Tests.GenericVerification" name="Test2_login_to_registry" time="11.748"/>
  <testcase classname="TestNG_Tests.GenericVerification" name="Test3_masquerade_cm_user" time="32.599"/>
  <testcase classname="TestNG_Tests.GenericVerification" name="Test4_creating_a_task" time="45.44"/>
  <testcase classname="TestNG_Tests.GenericVerification" name="Test5_navigate_again_to_agenda_view" time="27.346"/>
  <testcase classname="TestNG_Tests.GenericVerification" name="Test6_check_taskID_populating_at_agenda_view" time="24.978"/>
  <testcase classname="TestNG_Tests.GenericVerification" name="Test7_check_taskID_populating_at_programs_page" time="14.11">
    <failure type="org.openqa.selenium.ElementClickInterceptedException" message="element click intercepted: Element &amp;lt;a class=&amp;quot;datatable_filter_dropdown sidenav-trigger&amp;quot; style=&amp;quot;display: flex;&amp;quot; href=&amp;quot;javascript:void(0)&amp;quot; data-target=&amp;quot;table_dropdown_cm_task_registry&amp;quot;&amp;gt;...&amp;lt;/a&amp;gt; is not clickable at point (1487, 107). Other element would receive the click: &amp;lt;div class=&amp;quot;ajax_preloader&amp;quot;&amp;gt;&amp;lt;/div&amp;gt;
  (Session info: chrome=112.0.5615.138)
Build info: version: &amp;apos;3.141.59&amp;apos;, revision: &amp;apos;e82be7d358&amp;apos;, time: &amp;apos;2018-11-14T08:17:03&amp;apos;
System info: host: &amp;apos;CCU-SUDUTTA&amp;apos;, ip: &amp;apos;10.22.55.82&amp;apos;, os.name: &amp;apos;Windows 10&amp;apos;, os.arch: &amp;apos;amd64&amp;apos;, os.version: &amp;apos;10.0&amp;apos;, java.version: &amp;apos;17.0.1&amp;apos;
Driver info: org.openqa.selenium.chrome.ChromeDriver
Capabilities {acceptInsecureCerts: false, browserName: chrome, browserVersion: 112.0.5615.138, chrome: {chromedriverVersion: 112.0.5615.49 (bd2a7bcb881c..., userDataDir: C:\chromeProfile\}, goog:chromeOptions: {debuggerAddress: localhost:55622}, javascriptEnabled: true, networkConnectionEnabled: false, pageLoadStrategy: normal, platform: WINDOWS, platformName: WINDOWS, proxy: Proxy(), setWindowRect: true, strictFileInteractability: false, timeouts: {implicit: 0, pageLoad: 300000, script: 30000}, unhandledPromptBehavior: dismiss and notify, webauthn:extension:credBlob: true, webauthn:extension:largeBlob: true, webauthn:extension:minPinLength: true, webauthn:extension:prf: true, webauthn:virtualAuthenticators: true}
Session ID: a3697f7caaa544f74b662b97c48043ef">
      <![CDATA[org.openqa.selenium.ElementClickInterceptedException: element click intercepted: Element <a class="datatable_filter_dropdown sidenav-trigger" style="display: flex;" href="javascript:void(0)" data-target="table_dropdown_cm_task_registry">...</a> is not clickable at point (1487, 107). Other element would receive the click: <div class="ajax_preloader"></div>
  (Session info: chrome=112.0.5615.138)
Build info: version: '3.141.59', revision: 'e82be7d358', time: '2018-11-14T08:17:03'
System info: host: 'CCU-SUDUTTA', ip: '10.22.55.82', os.name: 'Windows 10', os.arch: 'amd64', os.version: '10.0', java.version: '17.0.1'
Driver info: org.openqa.selenium.chrome.ChromeDriver
Capabilities {acceptInsecureCerts: false, browserName: chrome, browserVersion: 112.0.5615.138, chrome: {chromedriverVersion: 112.0.5615.49 (bd2a7bcb881c..., userDataDir: C:\chromeProfile\}, goog:chromeOptions: {debuggerAddress: localhost:55622}, javascriptEnabled: true, networkConnectionEnabled: false, pageLoadStrategy: normal, platform: WINDOWS, platformName: WINDOWS, proxy: Proxy(), setWindowRect: true, strictFileInteractability: false, timeouts: {implicit: 0, pageLoad: 300000, script: 30000}, unhandledPromptBehavior: dismiss and notify, webauthn:extension:credBlob: true, webauthn:extension:largeBlob: true, webauthn:extension:minPinLength: true, webauthn:extension:prf: true, webauthn:virtualAuthenticators: true}
Session ID: a3697f7caaa544f74b662b97c48043ef
at org.openqa.selenium.remote.http.W3CHttpResponseCodec.createException(W3CHttpResponseCodec.java:187)
at org.openqa.selenium.remote.http.W3CHttpResponseCodec.decode(W3CHttpResponseCodec.java:122)
at org.openqa.selenium.remote.http.W3CHttpResponseCodec.decode(W3CHttpResponseCodec.java:49)
at org.openqa.selenium.remote.HttpCommandExecutor.execute(HttpCommandExecutor.java:158)
at org.openqa.selenium.remote.service.DriverCommandExecutor.execute(DriverCommandExecutor.java:83)
at org.openqa.selenium.remote.RemoteWebDriver.execute(RemoteWebDriver.java:552)
at org.openqa.selenium.remote.RemoteWebElement.execute(RemoteWebElement.java:285)
at org.openqa.selenium.remote.RemoteWebElement.click(RemoteWebElement.java:84)
at TestNG_Tests.GenericVerification.Test7_check_taskID_populating_at_programs_page(GenericVerification.java:426)
at java.base/java.util.ArrayList.forEach(ArrayList.java:1511)
... Removed 32 stack frames]]>
    </failure>
  </testcase> <!-- Test7_check_taskID_populating_at_programs_page -->
  <testcase classname="TestNG_Tests.GenericVerification" name="Test8_check_programID_populating_at_reports_page" time="19.007"/>
  <testcase classname="TestNG_Tests.GenericVerification" name="Test9_masquerade_switch_back" time="23.937"/>
  <testcase classname="TestNG_Tests.GenericVerification" name="Test10_delete_CM_task_id" time="26.977"/>
  <testcase classname="TestNG_Tests.GenericVerification" name="generate_report_file" time="0.249"/>
</testsuite> <!-- Test -->
