<?xml version="1.0" encoding="UTF-8"?>
<testng-results ignored="0" total="13" passed="0" failed="0" skipped="13">
  <reporter-output>
  </reporter-output>
  <suite started-at="2024-09-12T12:49:58 IST" name="Default suite" finished-at="2024-09-12T12:49:59 IST" duration-ms="918">
    <groups>
    </groups>
    <test started-at="2024-09-12T12:49:58 IST" name="Default test" finished-at="2024-09-12T12:49:59 IST" duration-ms="918">
      <class name="TestNG_Tests.GenericVerification">
        <test-method is-config="true" signature="collect_Load_Initialize()[pri:0, instance:TestNG_Tests.GenericVerification@661972b0]" started-at="2024-09-12T12:49:58 IST" name="collect_Load_Initialize" finished-at="2024-09-12T12:49:59 IST" duration-ms="681" status="FAIL">
          <exception class="org.openqa.selenium.SessionNotCreatedException">
            <message>
              <![CDATA[session not created: Chrome failed to start: exited normally.
  (session not created: DevToolsActivePort file doesn't exist)
  (The process started from chrome location C:\Program Files\Google\Chrome\Application\chrome.exe is no longer running, so ChromeDriver is assuming that Chrome has crashed.)
Build info: version: '3.141.59', revision: 'e82be7d358', time: '2018-11-14T08:17:03'
System info: host: 'CCU-SUDUTTA', ip: '10.22.30.254', os.name: 'Windows 11', os.arch: 'amd64', os.version: '10.0', java.version: '21.0.4'
Driver info: driver.version: ChromeDriver
remote stacktrace: GetHandleVerifier [0x00007FF63B8F9632+30946]
(No symbol) [0x00007FF63B8AE3C9]
(No symbol) [0x00007FF63B7A6FDA]
(No symbol) [0x00007FF63B7E0847]
(No symbol) [0x00007FF63B7DC4FA]
(No symbol) [0x00007FF63B8278B9]
(No symbol) [0x00007FF63B826F20]
(No symbol) [0x00007FF63B81C813]
(No symbol) [0x00007FF63B7EA6E5]
(No symbol) [0x00007FF63B7EB021]
GetHandleVerifier [0x00007FF63BA2F83D+1301229]
GetHandleVerifier [0x00007FF63BA3BDB7+1351783]
GetHandleVerifier [0x00007FF63BA32A03+1313971]
GetHandleVerifier [0x00007FF63B92DD06+245686]
(No symbol) [0x00007FF63B8B758F]
(No symbol) [0x00007FF63B8B3804]
(No symbol) [0x00007FF63B8B3992]
(No symbol) [0x00007FF63B8AA3EF]
BaseThreadInitThunk [0x00007FFB9AB9257D+29]
RtlUserThreadStart [0x00007FFB9C18AF28+40]
]]>
            </message>
            <full-stacktrace>
              <![CDATA[org.openqa.selenium.SessionNotCreatedException: session not created: Chrome failed to start: exited normally.
  (session not created: DevToolsActivePort file doesn't exist)
  (The process started from chrome location C:\Program Files\Google\Chrome\Application\chrome.exe is no longer running, so ChromeDriver is assuming that Chrome has crashed.)
Build info: version: '3.141.59', revision: 'e82be7d358', time: '2018-11-14T08:17:03'
System info: host: 'CCU-SUDUTTA', ip: '10.22.30.254', os.name: 'Windows 11', os.arch: 'amd64', os.version: '10.0', java.version: '21.0.4'
Driver info: driver.version: ChromeDriver
remote stacktrace: GetHandleVerifier [0x00007FF63B8F9632+30946]
(No symbol) [0x00007FF63B8AE3C9]
(No symbol) [0x00007FF63B7A6FDA]
(No symbol) [0x00007FF63B7E0847]
(No symbol) [0x00007FF63B7DC4FA]
(No symbol) [0x00007FF63B8278B9]
(No symbol) [0x00007FF63B826F20]
(No symbol) [0x00007FF63B81C813]
(No symbol) [0x00007FF63B7EA6E5]
(No symbol) [0x00007FF63B7EB021]
GetHandleVerifier [0x00007FF63BA2F83D+1301229]
GetHandleVerifier [0x00007FF63BA3BDB7+1351783]
GetHandleVerifier [0x00007FF63BA32A03+1313971]
GetHandleVerifier [0x00007FF63B92DD06+245686]
(No symbol) [0x00007FF63B8B758F]
(No symbol) [0x00007FF63B8B3804]
(No symbol) [0x00007FF63B8B3992]
(No symbol) [0x00007FF63B8AA3EF]
BaseThreadInitThunk [0x00007FFB9AB9257D+29]
RtlUserThreadStart [0x00007FFB9C18AF28+40]

at java.base/jdk.internal.reflect.DirectConstructorHandleAccessor.newInstance(DirectConstructorHandleAccessor.java:62)
at java.base/java.lang.reflect.Constructor.newInstanceWithCaller(Constructor.java:502)
at java.base/java.lang.reflect.Constructor.newInstance(Constructor.java:486)
at org.openqa.selenium.remote.W3CHandshakeResponse.lambda$errorHandler$0(W3CHandshakeResponse.java:62)
at org.openqa.selenium.remote.HandshakeResponse.lambda$getResponseFunction$0(HandshakeResponse.java:30)
at org.openqa.selenium.remote.ProtocolHandshake.lambda$createSession$0(ProtocolHandshake.java:126)
at java.base/java.util.stream.ReferencePipeline$3$1.accept(ReferencePipeline.java:197)
at java.base/java.util.Spliterators$ArraySpliterator.tryAdvance(Spliterators.java:1034)
at java.base/java.util.stream.ReferencePipeline.forEachWithCancel(ReferencePipeline.java:129)
at java.base/java.util.stream.AbstractPipeline.copyIntoWithCancel(AbstractPipeline.java:527)
at java.base/java.util.stream.AbstractPipeline.copyInto(AbstractPipeline.java:513)
at java.base/java.util.stream.AbstractPipeline.wrapAndCopyInto(AbstractPipeline.java:499)
at java.base/java.util.stream.FindOps$FindOp.evaluateSequential(FindOps.java:150)
at java.base/java.util.stream.AbstractPipeline.evaluate(AbstractPipeline.java:234)
at java.base/java.util.stream.ReferencePipeline.findFirst(ReferencePipeline.java:647)
at org.openqa.selenium.remote.ProtocolHandshake.createSession(ProtocolHandshake.java:128)
at org.openqa.selenium.remote.ProtocolHandshake.createSession(ProtocolHandshake.java:74)
at org.openqa.selenium.remote.HttpCommandExecutor.execute(HttpCommandExecutor.java:136)
at org.openqa.selenium.remote.service.DriverCommandExecutor.execute(DriverCommandExecutor.java:83)
at org.openqa.selenium.remote.RemoteWebDriver.execute(RemoteWebDriver.java:552)
at org.openqa.selenium.remote.RemoteWebDriver.startSession(RemoteWebDriver.java:213)
at org.openqa.selenium.remote.RemoteWebDriver.<init>(RemoteWebDriver.java:131)
at org.openqa.selenium.chrome.ChromeDriver.<init>(ChromeDriver.java:181)
at org.openqa.selenium.chrome.ChromeDriver.<init>(ChromeDriver.java:168)
at org.openqa.selenium.chrome.ChromeDriver.<init>(ChromeDriver.java:157)
at Resources.GenericFunctions.initializeChromeDriver(GenericFunctions.java:68)
at TestNG_Tests.GenericVerification.collect_Load_Initialize(GenericVerification.java:87)
at java.base/jdk.internal.reflect.DirectMethodHandleAccessor.invoke(DirectMethodHandleAccessor.java:103)
at java.base/java.lang.reflect.Method.invoke(Method.java:580)
at org.testng.internal.MethodInvocationHelper.invokeMethod(MethodInvocationHelper.java:133)
at org.testng.internal.MethodInvocationHelper.invokeMethodConsideringTimeout(MethodInvocationHelper.java:62)
at org.testng.internal.ConfigInvoker.invokeConfigurationMethod(ConfigInvoker.java:385)
at org.testng.internal.ConfigInvoker.invokeConfigurations(ConfigInvoker.java:321)
at org.testng.TestRunner.invokeTestConfigurations(TestRunner.java:637)
at org.testng.TestRunner.beforeRun(TestRunner.java:627)
at org.testng.TestRunner.run(TestRunner.java:589)
at org.testng.SuiteRunner.runTest(SuiteRunner.java:377)
at org.testng.SuiteRunner.runSequentially(SuiteRunner.java:371)
at org.testng.SuiteRunner.privateRun(SuiteRunner.java:332)
at org.testng.SuiteRunner.run(SuiteRunner.java:276)
at org.testng.SuiteRunnerWorker.runSuite(SuiteRunnerWorker.java:53)
at org.testng.SuiteRunnerWorker.run(SuiteRunnerWorker.java:96)
at org.testng.TestNG.runSuitesSequentially(TestNG.java:1212)
at org.testng.TestNG.runSuitesLocally(TestNG.java:1134)
at org.testng.TestNG.runSuites(TestNG.java:1063)
at org.testng.TestNG.run(TestNG.java:1031)
at org.testng.remote.AbstractRemoteTestNG.run(AbstractRemoteTestNG.java:115)
at org.testng.remote.RemoteTestNG.initAndRun(RemoteTestNG.java:251)
at org.testng.remote.RemoteTestNG.main(RemoteTestNG.java:77)
]]>
            </full-stacktrace>
          </exception> <!-- org.openqa.selenium.SessionNotCreatedException -->
          <reporter-output>
          </reporter-output>
        </test-method> <!-- collect_Load_Initialize -->
        <test-method signature="Test1_initialization()[pri:1, instance:TestNG_Tests.GenericVerification@661972b0]" started-at="2024-09-12T12:49:59 IST" name="Test1_initialization" finished-at="2024-09-12T12:49:59 IST" duration-ms="0" status="SKIP">
          <exception class="org.openqa.selenium.SessionNotCreatedException">
            <message>
              <![CDATA[session not created: Chrome failed to start: exited normally.
  (session not created: DevToolsActivePort file doesn't exist)
  (The process started from chrome location C:\Program Files\Google\Chrome\Application\chrome.exe is no longer running, so ChromeDriver is assuming that Chrome has crashed.)
Build info: version: '3.141.59', revision: 'e82be7d358', time: '2018-11-14T08:17:03'
System info: host: 'CCU-SUDUTTA', ip: '10.22.30.254', os.name: 'Windows 11', os.arch: 'amd64', os.version: '10.0', java.version: '21.0.4'
Driver info: driver.version: ChromeDriver
remote stacktrace: GetHandleVerifier [0x00007FF63B8F9632+30946]
(No symbol) [0x00007FF63B8AE3C9]
(No symbol) [0x00007FF63B7A6FDA]
(No symbol) [0x00007FF63B7E0847]
(No symbol) [0x00007FF63B7DC4FA]
(No symbol) [0x00007FF63B8278B9]
(No symbol) [0x00007FF63B826F20]
(No symbol) [0x00007FF63B81C813]
(No symbol) [0x00007FF63B7EA6E5]
(No symbol) [0x00007FF63B7EB021]
GetHandleVerifier [0x00007FF63BA2F83D+1301229]
GetHandleVerifier [0x00007FF63BA3BDB7+1351783]
GetHandleVerifier [0x00007FF63BA32A03+1313971]
GetHandleVerifier [0x00007FF63B92DD06+245686]
(No symbol) [0x00007FF63B8B758F]
(No symbol) [0x00007FF63B8B3804]
(No symbol) [0x00007FF63B8B3992]
(No symbol) [0x00007FF63B8AA3EF]
BaseThreadInitThunk [0x00007FFB9AB9257D+29]
RtlUserThreadStart [0x00007FFB9C18AF28+40]
]]>
            </message>
            <full-stacktrace>
              <![CDATA[org.openqa.selenium.SessionNotCreatedException: session not created: Chrome failed to start: exited normally.
  (session not created: DevToolsActivePort file doesn't exist)
  (The process started from chrome location C:\Program Files\Google\Chrome\Application\chrome.exe is no longer running, so ChromeDriver is assuming that Chrome has crashed.)
Build info: version: '3.141.59', revision: 'e82be7d358', time: '2018-11-14T08:17:03'
System info: host: 'CCU-SUDUTTA', ip: '10.22.30.254', os.name: 'Windows 11', os.arch: 'amd64', os.version: '10.0', java.version: '21.0.4'
Driver info: driver.version: ChromeDriver
remote stacktrace: GetHandleVerifier [0x00007FF63B8F9632+30946]
(No symbol) [0x00007FF63B8AE3C9]
(No symbol) [0x00007FF63B7A6FDA]
(No symbol) [0x00007FF63B7E0847]
(No symbol) [0x00007FF63B7DC4FA]
(No symbol) [0x00007FF63B8278B9]
(No symbol) [0x00007FF63B826F20]
(No symbol) [0x00007FF63B81C813]
(No symbol) [0x00007FF63B7EA6E5]
(No symbol) [0x00007FF63B7EB021]
GetHandleVerifier [0x00007FF63BA2F83D+1301229]
GetHandleVerifier [0x00007FF63BA3BDB7+1351783]
GetHandleVerifier [0x00007FF63BA32A03+1313971]
GetHandleVerifier [0x00007FF63B92DD06+245686]
(No symbol) [0x00007FF63B8B758F]
(No symbol) [0x00007FF63B8B3804]
(No symbol) [0x00007FF63B8B3992]
(No symbol) [0x00007FF63B8AA3EF]
BaseThreadInitThunk [0x00007FFB9AB9257D+29]
RtlUserThreadStart [0x00007FFB9C18AF28+40]

at java.base/jdk.internal.reflect.DirectConstructorHandleAccessor.newInstance(DirectConstructorHandleAccessor.java:62)
at java.base/java.lang.reflect.Constructor.newInstanceWithCaller(Constructor.java:502)
at java.base/java.lang.reflect.Constructor.newInstance(Constructor.java:486)
at org.openqa.selenium.remote.W3CHandshakeResponse.lambda$errorHandler$0(W3CHandshakeResponse.java:62)
at org.openqa.selenium.remote.HandshakeResponse.lambda$getResponseFunction$0(HandshakeResponse.java:30)
at org.openqa.selenium.remote.ProtocolHandshake.lambda$createSession$0(ProtocolHandshake.java:126)
at java.base/java.util.stream.ReferencePipeline$3$1.accept(ReferencePipeline.java:197)
at java.base/java.util.Spliterators$ArraySpliterator.tryAdvance(Spliterators.java:1034)
at java.base/java.util.stream.ReferencePipeline.forEachWithCancel(ReferencePipeline.java:129)
at java.base/java.util.stream.AbstractPipeline.copyIntoWithCancel(AbstractPipeline.java:527)
at java.base/java.util.stream.AbstractPipeline.copyInto(AbstractPipeline.java:513)
at java.base/java.util.stream.AbstractPipeline.wrapAndCopyInto(AbstractPipeline.java:499)
at java.base/java.util.stream.FindOps$FindOp.evaluateSequential(FindOps.java:150)
at java.base/java.util.stream.AbstractPipeline.evaluate(AbstractPipeline.java:234)
at java.base/java.util.stream.ReferencePipeline.findFirst(ReferencePipeline.java:647)
at org.openqa.selenium.remote.ProtocolHandshake.createSession(ProtocolHandshake.java:128)
at org.openqa.selenium.remote.ProtocolHandshake.createSession(ProtocolHandshake.java:74)
at org.openqa.selenium.remote.HttpCommandExecutor.execute(HttpCommandExecutor.java:136)
at org.openqa.selenium.remote.service.DriverCommandExecutor.execute(DriverCommandExecutor.java:83)
at org.openqa.selenium.remote.RemoteWebDriver.execute(RemoteWebDriver.java:552)
at org.openqa.selenium.remote.RemoteWebDriver.startSession(RemoteWebDriver.java:213)
at org.openqa.selenium.remote.RemoteWebDriver.<init>(RemoteWebDriver.java:131)
at org.openqa.selenium.chrome.ChromeDriver.<init>(ChromeDriver.java:181)
at org.openqa.selenium.chrome.ChromeDriver.<init>(ChromeDriver.java:168)
at org.openqa.selenium.chrome.ChromeDriver.<init>(ChromeDriver.java:157)
at Resources.GenericFunctions.initializeChromeDriver(GenericFunctions.java:68)
at TestNG_Tests.GenericVerification.collect_Load_Initialize(GenericVerification.java:87)
at java.base/jdk.internal.reflect.DirectMethodHandleAccessor.invoke(DirectMethodHandleAccessor.java:103)
at java.base/java.lang.reflect.Method.invoke(Method.java:580)
at org.testng.internal.MethodInvocationHelper.invokeMethod(MethodInvocationHelper.java:133)
at org.testng.internal.MethodInvocationHelper.invokeMethodConsideringTimeout(MethodInvocationHelper.java:62)
at org.testng.internal.ConfigInvoker.invokeConfigurationMethod(ConfigInvoker.java:385)
at org.testng.internal.ConfigInvoker.invokeConfigurations(ConfigInvoker.java:321)
at org.testng.TestRunner.invokeTestConfigurations(TestRunner.java:637)
at org.testng.TestRunner.beforeRun(TestRunner.java:627)
at org.testng.TestRunner.run(TestRunner.java:589)
at org.testng.SuiteRunner.runTest(SuiteRunner.java:377)
at org.testng.SuiteRunner.runSequentially(SuiteRunner.java:371)
at org.testng.SuiteRunner.privateRun(SuiteRunner.java:332)
at org.testng.SuiteRunner.run(SuiteRunner.java:276)
at org.testng.SuiteRunnerWorker.runSuite(SuiteRunnerWorker.java:53)
at org.testng.SuiteRunnerWorker.run(SuiteRunnerWorker.java:96)
at org.testng.TestNG.runSuitesSequentially(TestNG.java:1212)
at org.testng.TestNG.runSuitesLocally(TestNG.java:1134)
at org.testng.TestNG.runSuites(TestNG.java:1063)
at org.testng.TestNG.run(TestNG.java:1031)
at org.testng.remote.AbstractRemoteTestNG.run(AbstractRemoteTestNG.java:115)
at org.testng.remote.RemoteTestNG.initAndRun(RemoteTestNG.java:251)
at org.testng.remote.RemoteTestNG.main(RemoteTestNG.java:77)
]]>
            </full-stacktrace>
          </exception> <!-- org.openqa.selenium.SessionNotCreatedException -->
          <reporter-output>
          </reporter-output>
        </test-method> <!-- Test1_initialization -->
        <test-method signature="Test2_login_to_registry()[pri:2, instance:TestNG_Tests.GenericVerification@661972b0]" started-at="2024-09-12T12:49:59 IST" name="Test2_login_to_registry" finished-at="2024-09-12T12:49:59 IST" duration-ms="0" status="SKIP">
          <exception class="org.openqa.selenium.SessionNotCreatedException">
            <message>
              <![CDATA[session not created: Chrome failed to start: exited normally.
  (session not created: DevToolsActivePort file doesn't exist)
  (The process started from chrome location C:\Program Files\Google\Chrome\Application\chrome.exe is no longer running, so ChromeDriver is assuming that Chrome has crashed.)
Build info: version: '3.141.59', revision: 'e82be7d358', time: '2018-11-14T08:17:03'
System info: host: 'CCU-SUDUTTA', ip: '10.22.30.254', os.name: 'Windows 11', os.arch: 'amd64', os.version: '10.0', java.version: '21.0.4'
Driver info: driver.version: ChromeDriver
remote stacktrace: GetHandleVerifier [0x00007FF63B8F9632+30946]
(No symbol) [0x00007FF63B8AE3C9]
(No symbol) [0x00007FF63B7A6FDA]
(No symbol) [0x00007FF63B7E0847]
(No symbol) [0x00007FF63B7DC4FA]
(No symbol) [0x00007FF63B8278B9]
(No symbol) [0x00007FF63B826F20]
(No symbol) [0x00007FF63B81C813]
(No symbol) [0x00007FF63B7EA6E5]
(No symbol) [0x00007FF63B7EB021]
GetHandleVerifier [0x00007FF63BA2F83D+1301229]
GetHandleVerifier [0x00007FF63BA3BDB7+1351783]
GetHandleVerifier [0x00007FF63BA32A03+1313971]
GetHandleVerifier [0x00007FF63B92DD06+245686]
(No symbol) [0x00007FF63B8B758F]
(No symbol) [0x00007FF63B8B3804]
(No symbol) [0x00007FF63B8B3992]
(No symbol) [0x00007FF63B8AA3EF]
BaseThreadInitThunk [0x00007FFB9AB9257D+29]
RtlUserThreadStart [0x00007FFB9C18AF28+40]
]]>
            </message>
            <full-stacktrace>
              <![CDATA[org.openqa.selenium.SessionNotCreatedException: session not created: Chrome failed to start: exited normally.
  (session not created: DevToolsActivePort file doesn't exist)
  (The process started from chrome location C:\Program Files\Google\Chrome\Application\chrome.exe is no longer running, so ChromeDriver is assuming that Chrome has crashed.)
Build info: version: '3.141.59', revision: 'e82be7d358', time: '2018-11-14T08:17:03'
System info: host: 'CCU-SUDUTTA', ip: '10.22.30.254', os.name: 'Windows 11', os.arch: 'amd64', os.version: '10.0', java.version: '21.0.4'
Driver info: driver.version: ChromeDriver
remote stacktrace: GetHandleVerifier [0x00007FF63B8F9632+30946]
(No symbol) [0x00007FF63B8AE3C9]
(No symbol) [0x00007FF63B7A6FDA]
(No symbol) [0x00007FF63B7E0847]
(No symbol) [0x00007FF63B7DC4FA]
(No symbol) [0x00007FF63B8278B9]
(No symbol) [0x00007FF63B826F20]
(No symbol) [0x00007FF63B81C813]
(No symbol) [0x00007FF63B7EA6E5]
(No symbol) [0x00007FF63B7EB021]
GetHandleVerifier [0x00007FF63BA2F83D+1301229]
GetHandleVerifier [0x00007FF63BA3BDB7+1351783]
GetHandleVerifier [0x00007FF63BA32A03+1313971]
GetHandleVerifier [0x00007FF63B92DD06+245686]
(No symbol) [0x00007FF63B8B758F]
(No symbol) [0x00007FF63B8B3804]
(No symbol) [0x00007FF63B8B3992]
(No symbol) [0x00007FF63B8AA3EF]
BaseThreadInitThunk [0x00007FFB9AB9257D+29]
RtlUserThreadStart [0x00007FFB9C18AF28+40]

at java.base/jdk.internal.reflect.DirectConstructorHandleAccessor.newInstance(DirectConstructorHandleAccessor.java:62)
at java.base/java.lang.reflect.Constructor.newInstanceWithCaller(Constructor.java:502)
at java.base/java.lang.reflect.Constructor.newInstance(Constructor.java:486)
at org.openqa.selenium.remote.W3CHandshakeResponse.lambda$errorHandler$0(W3CHandshakeResponse.java:62)
at org.openqa.selenium.remote.HandshakeResponse.lambda$getResponseFunction$0(HandshakeResponse.java:30)
at org.openqa.selenium.remote.ProtocolHandshake.lambda$createSession$0(ProtocolHandshake.java:126)
at java.base/java.util.stream.ReferencePipeline$3$1.accept(ReferencePipeline.java:197)
at java.base/java.util.Spliterators$ArraySpliterator.tryAdvance(Spliterators.java:1034)
at java.base/java.util.stream.ReferencePipeline.forEachWithCancel(ReferencePipeline.java:129)
at java.base/java.util.stream.AbstractPipeline.copyIntoWithCancel(AbstractPipeline.java:527)
at java.base/java.util.stream.AbstractPipeline.copyInto(AbstractPipeline.java:513)
at java.base/java.util.stream.AbstractPipeline.wrapAndCopyInto(AbstractPipeline.java:499)
at java.base/java.util.stream.FindOps$FindOp.evaluateSequential(FindOps.java:150)
at java.base/java.util.stream.AbstractPipeline.evaluate(AbstractPipeline.java:234)
at java.base/java.util.stream.ReferencePipeline.findFirst(ReferencePipeline.java:647)
at org.openqa.selenium.remote.ProtocolHandshake.createSession(ProtocolHandshake.java:128)
at org.openqa.selenium.remote.ProtocolHandshake.createSession(ProtocolHandshake.java:74)
at org.openqa.selenium.remote.HttpCommandExecutor.execute(HttpCommandExecutor.java:136)
at org.openqa.selenium.remote.service.DriverCommandExecutor.execute(DriverCommandExecutor.java:83)
at org.openqa.selenium.remote.RemoteWebDriver.execute(RemoteWebDriver.java:552)
at org.openqa.selenium.remote.RemoteWebDriver.startSession(RemoteWebDriver.java:213)
at org.openqa.selenium.remote.RemoteWebDriver.<init>(RemoteWebDriver.java:131)
at org.openqa.selenium.chrome.ChromeDriver.<init>(ChromeDriver.java:181)
at org.openqa.selenium.chrome.ChromeDriver.<init>(ChromeDriver.java:168)
at org.openqa.selenium.chrome.ChromeDriver.<init>(ChromeDriver.java:157)
at Resources.GenericFunctions.initializeChromeDriver(GenericFunctions.java:68)
at TestNG_Tests.GenericVerification.collect_Load_Initialize(GenericVerification.java:87)
at java.base/jdk.internal.reflect.DirectMethodHandleAccessor.invoke(DirectMethodHandleAccessor.java:103)
at java.base/java.lang.reflect.Method.invoke(Method.java:580)
at org.testng.internal.MethodInvocationHelper.invokeMethod(MethodInvocationHelper.java:133)
at org.testng.internal.MethodInvocationHelper.invokeMethodConsideringTimeout(MethodInvocationHelper.java:62)
at org.testng.internal.ConfigInvoker.invokeConfigurationMethod(ConfigInvoker.java:385)
at org.testng.internal.ConfigInvoker.invokeConfigurations(ConfigInvoker.java:321)
at org.testng.TestRunner.invokeTestConfigurations(TestRunner.java:637)
at org.testng.TestRunner.beforeRun(TestRunner.java:627)
at org.testng.TestRunner.run(TestRunner.java:589)
at org.testng.SuiteRunner.runTest(SuiteRunner.java:377)
at org.testng.SuiteRunner.runSequentially(SuiteRunner.java:371)
at org.testng.SuiteRunner.privateRun(SuiteRunner.java:332)
at org.testng.SuiteRunner.run(SuiteRunner.java:276)
at org.testng.SuiteRunnerWorker.runSuite(SuiteRunnerWorker.java:53)
at org.testng.SuiteRunnerWorker.run(SuiteRunnerWorker.java:96)
at org.testng.TestNG.runSuitesSequentially(TestNG.java:1212)
at org.testng.TestNG.runSuitesLocally(TestNG.java:1134)
at org.testng.TestNG.runSuites(TestNG.java:1063)
at org.testng.TestNG.run(TestNG.java:1031)
at org.testng.remote.AbstractRemoteTestNG.run(AbstractRemoteTestNG.java:115)
at org.testng.remote.RemoteTestNG.initAndRun(RemoteTestNG.java:251)
at org.testng.remote.RemoteTestNG.main(RemoteTestNG.java:77)
]]>
            </full-stacktrace>
          </exception> <!-- org.openqa.selenium.SessionNotCreatedException -->
          <reporter-output>
          </reporter-output>
        </test-method> <!-- Test2_login_to_registry -->
        <test-method signature="Test3_masquerade_cm_user()[pri:3, instance:TestNG_Tests.GenericVerification@661972b0]" started-at="2024-09-12T12:49:59 IST" name="Test3_masquerade_cm_user" finished-at="2024-09-12T12:49:59 IST" duration-ms="0" status="SKIP">
          <exception class="org.openqa.selenium.SessionNotCreatedException">
            <message>
              <![CDATA[session not created: Chrome failed to start: exited normally.
  (session not created: DevToolsActivePort file doesn't exist)
  (The process started from chrome location C:\Program Files\Google\Chrome\Application\chrome.exe is no longer running, so ChromeDriver is assuming that Chrome has crashed.)
Build info: version: '3.141.59', revision: 'e82be7d358', time: '2018-11-14T08:17:03'
System info: host: 'CCU-SUDUTTA', ip: '10.22.30.254', os.name: 'Windows 11', os.arch: 'amd64', os.version: '10.0', java.version: '21.0.4'
Driver info: driver.version: ChromeDriver
remote stacktrace: GetHandleVerifier [0x00007FF63B8F9632+30946]
(No symbol) [0x00007FF63B8AE3C9]
(No symbol) [0x00007FF63B7A6FDA]
(No symbol) [0x00007FF63B7E0847]
(No symbol) [0x00007FF63B7DC4FA]
(No symbol) [0x00007FF63B8278B9]
(No symbol) [0x00007FF63B826F20]
(No symbol) [0x00007FF63B81C813]
(No symbol) [0x00007FF63B7EA6E5]
(No symbol) [0x00007FF63B7EB021]
GetHandleVerifier [0x00007FF63BA2F83D+1301229]
GetHandleVerifier [0x00007FF63BA3BDB7+1351783]
GetHandleVerifier [0x00007FF63BA32A03+1313971]
GetHandleVerifier [0x00007FF63B92DD06+245686]
(No symbol) [0x00007FF63B8B758F]
(No symbol) [0x00007FF63B8B3804]
(No symbol) [0x00007FF63B8B3992]
(No symbol) [0x00007FF63B8AA3EF]
BaseThreadInitThunk [0x00007FFB9AB9257D+29]
RtlUserThreadStart [0x00007FFB9C18AF28+40]
]]>
            </message>
            <full-stacktrace>
              <![CDATA[org.openqa.selenium.SessionNotCreatedException: session not created: Chrome failed to start: exited normally.
  (session not created: DevToolsActivePort file doesn't exist)
  (The process started from chrome location C:\Program Files\Google\Chrome\Application\chrome.exe is no longer running, so ChromeDriver is assuming that Chrome has crashed.)
Build info: version: '3.141.59', revision: 'e82be7d358', time: '2018-11-14T08:17:03'
System info: host: 'CCU-SUDUTTA', ip: '10.22.30.254', os.name: 'Windows 11', os.arch: 'amd64', os.version: '10.0', java.version: '21.0.4'
Driver info: driver.version: ChromeDriver
remote stacktrace: GetHandleVerifier [0x00007FF63B8F9632+30946]
(No symbol) [0x00007FF63B8AE3C9]
(No symbol) [0x00007FF63B7A6FDA]
(No symbol) [0x00007FF63B7E0847]
(No symbol) [0x00007FF63B7DC4FA]
(No symbol) [0x00007FF63B8278B9]
(No symbol) [0x00007FF63B826F20]
(No symbol) [0x00007FF63B81C813]
(No symbol) [0x00007FF63B7EA6E5]
(No symbol) [0x00007FF63B7EB021]
GetHandleVerifier [0x00007FF63BA2F83D+1301229]
GetHandleVerifier [0x00007FF63BA3BDB7+1351783]
GetHandleVerifier [0x00007FF63BA32A03+1313971]
GetHandleVerifier [0x00007FF63B92DD06+245686]
(No symbol) [0x00007FF63B8B758F]
(No symbol) [0x00007FF63B8B3804]
(No symbol) [0x00007FF63B8B3992]
(No symbol) [0x00007FF63B8AA3EF]
BaseThreadInitThunk [0x00007FFB9AB9257D+29]
RtlUserThreadStart [0x00007FFB9C18AF28+40]

at java.base/jdk.internal.reflect.DirectConstructorHandleAccessor.newInstance(DirectConstructorHandleAccessor.java:62)
at java.base/java.lang.reflect.Constructor.newInstanceWithCaller(Constructor.java:502)
at java.base/java.lang.reflect.Constructor.newInstance(Constructor.java:486)
at org.openqa.selenium.remote.W3CHandshakeResponse.lambda$errorHandler$0(W3CHandshakeResponse.java:62)
at org.openqa.selenium.remote.HandshakeResponse.lambda$getResponseFunction$0(HandshakeResponse.java:30)
at org.openqa.selenium.remote.ProtocolHandshake.lambda$createSession$0(ProtocolHandshake.java:126)
at java.base/java.util.stream.ReferencePipeline$3$1.accept(ReferencePipeline.java:197)
at java.base/java.util.Spliterators$ArraySpliterator.tryAdvance(Spliterators.java:1034)
at java.base/java.util.stream.ReferencePipeline.forEachWithCancel(ReferencePipeline.java:129)
at java.base/java.util.stream.AbstractPipeline.copyIntoWithCancel(AbstractPipeline.java:527)
at java.base/java.util.stream.AbstractPipeline.copyInto(AbstractPipeline.java:513)
at java.base/java.util.stream.AbstractPipeline.wrapAndCopyInto(AbstractPipeline.java:499)
at java.base/java.util.stream.FindOps$FindOp.evaluateSequential(FindOps.java:150)
at java.base/java.util.stream.AbstractPipeline.evaluate(AbstractPipeline.java:234)
at java.base/java.util.stream.ReferencePipeline.findFirst(ReferencePipeline.java:647)
at org.openqa.selenium.remote.ProtocolHandshake.createSession(ProtocolHandshake.java:128)
at org.openqa.selenium.remote.ProtocolHandshake.createSession(ProtocolHandshake.java:74)
at org.openqa.selenium.remote.HttpCommandExecutor.execute(HttpCommandExecutor.java:136)
at org.openqa.selenium.remote.service.DriverCommandExecutor.execute(DriverCommandExecutor.java:83)
at org.openqa.selenium.remote.RemoteWebDriver.execute(RemoteWebDriver.java:552)
at org.openqa.selenium.remote.RemoteWebDriver.startSession(RemoteWebDriver.java:213)
at org.openqa.selenium.remote.RemoteWebDriver.<init>(RemoteWebDriver.java:131)
at org.openqa.selenium.chrome.ChromeDriver.<init>(ChromeDriver.java:181)
at org.openqa.selenium.chrome.ChromeDriver.<init>(ChromeDriver.java:168)
at org.openqa.selenium.chrome.ChromeDriver.<init>(ChromeDriver.java:157)
at Resources.GenericFunctions.initializeChromeDriver(GenericFunctions.java:68)
at TestNG_Tests.GenericVerification.collect_Load_Initialize(GenericVerification.java:87)
at java.base/jdk.internal.reflect.DirectMethodHandleAccessor.invoke(DirectMethodHandleAccessor.java:103)
at java.base/java.lang.reflect.Method.invoke(Method.java:580)
at org.testng.internal.MethodInvocationHelper.invokeMethod(MethodInvocationHelper.java:133)
at org.testng.internal.MethodInvocationHelper.invokeMethodConsideringTimeout(MethodInvocationHelper.java:62)
at org.testng.internal.ConfigInvoker.invokeConfigurationMethod(ConfigInvoker.java:385)
at org.testng.internal.ConfigInvoker.invokeConfigurations(ConfigInvoker.java:321)
at org.testng.TestRunner.invokeTestConfigurations(TestRunner.java:637)
at org.testng.TestRunner.beforeRun(TestRunner.java:627)
at org.testng.TestRunner.run(TestRunner.java:589)
at org.testng.SuiteRunner.runTest(SuiteRunner.java:377)
at org.testng.SuiteRunner.runSequentially(SuiteRunner.java:371)
at org.testng.SuiteRunner.privateRun(SuiteRunner.java:332)
at org.testng.SuiteRunner.run(SuiteRunner.java:276)
at org.testng.SuiteRunnerWorker.runSuite(SuiteRunnerWorker.java:53)
at org.testng.SuiteRunnerWorker.run(SuiteRunnerWorker.java:96)
at org.testng.TestNG.runSuitesSequentially(TestNG.java:1212)
at org.testng.TestNG.runSuitesLocally(TestNG.java:1134)
at org.testng.TestNG.runSuites(TestNG.java:1063)
at org.testng.TestNG.run(TestNG.java:1031)
at org.testng.remote.AbstractRemoteTestNG.run(AbstractRemoteTestNG.java:115)
at org.testng.remote.RemoteTestNG.initAndRun(RemoteTestNG.java:251)
at org.testng.remote.RemoteTestNG.main(RemoteTestNG.java:77)
]]>
            </full-stacktrace>
          </exception> <!-- org.openqa.selenium.SessionNotCreatedException -->
          <reporter-output>
          </reporter-output>
        </test-method> <!-- Test3_masquerade_cm_user -->
        <test-method signature="Test4_creating_a_task()[pri:4, instance:TestNG_Tests.GenericVerification@661972b0]" started-at="2024-09-12T12:49:59 IST" name="Test4_creating_a_task" finished-at="2024-09-12T12:49:59 IST" duration-ms="0" status="SKIP">
          <exception class="org.openqa.selenium.SessionNotCreatedException">
            <message>
              <![CDATA[session not created: Chrome failed to start: exited normally.
  (session not created: DevToolsActivePort file doesn't exist)
  (The process started from chrome location C:\Program Files\Google\Chrome\Application\chrome.exe is no longer running, so ChromeDriver is assuming that Chrome has crashed.)
Build info: version: '3.141.59', revision: 'e82be7d358', time: '2018-11-14T08:17:03'
System info: host: 'CCU-SUDUTTA', ip: '10.22.30.254', os.name: 'Windows 11', os.arch: 'amd64', os.version: '10.0', java.version: '21.0.4'
Driver info: driver.version: ChromeDriver
remote stacktrace: GetHandleVerifier [0x00007FF63B8F9632+30946]
(No symbol) [0x00007FF63B8AE3C9]
(No symbol) [0x00007FF63B7A6FDA]
(No symbol) [0x00007FF63B7E0847]
(No symbol) [0x00007FF63B7DC4FA]
(No symbol) [0x00007FF63B8278B9]
(No symbol) [0x00007FF63B826F20]
(No symbol) [0x00007FF63B81C813]
(No symbol) [0x00007FF63B7EA6E5]
(No symbol) [0x00007FF63B7EB021]
GetHandleVerifier [0x00007FF63BA2F83D+1301229]
GetHandleVerifier [0x00007FF63BA3BDB7+1351783]
GetHandleVerifier [0x00007FF63BA32A03+1313971]
GetHandleVerifier [0x00007FF63B92DD06+245686]
(No symbol) [0x00007FF63B8B758F]
(No symbol) [0x00007FF63B8B3804]
(No symbol) [0x00007FF63B8B3992]
(No symbol) [0x00007FF63B8AA3EF]
BaseThreadInitThunk [0x00007FFB9AB9257D+29]
RtlUserThreadStart [0x00007FFB9C18AF28+40]
]]>
            </message>
            <full-stacktrace>
              <![CDATA[org.openqa.selenium.SessionNotCreatedException: session not created: Chrome failed to start: exited normally.
  (session not created: DevToolsActivePort file doesn't exist)
  (The process started from chrome location C:\Program Files\Google\Chrome\Application\chrome.exe is no longer running, so ChromeDriver is assuming that Chrome has crashed.)
Build info: version: '3.141.59', revision: 'e82be7d358', time: '2018-11-14T08:17:03'
System info: host: 'CCU-SUDUTTA', ip: '10.22.30.254', os.name: 'Windows 11', os.arch: 'amd64', os.version: '10.0', java.version: '21.0.4'
Driver info: driver.version: ChromeDriver
remote stacktrace: GetHandleVerifier [0x00007FF63B8F9632+30946]
(No symbol) [0x00007FF63B8AE3C9]
(No symbol) [0x00007FF63B7A6FDA]
(No symbol) [0x00007FF63B7E0847]
(No symbol) [0x00007FF63B7DC4FA]
(No symbol) [0x00007FF63B8278B9]
(No symbol) [0x00007FF63B826F20]
(No symbol) [0x00007FF63B81C813]
(No symbol) [0x00007FF63B7EA6E5]
(No symbol) [0x00007FF63B7EB021]
GetHandleVerifier [0x00007FF63BA2F83D+1301229]
GetHandleVerifier [0x00007FF63BA3BDB7+1351783]
GetHandleVerifier [0x00007FF63BA32A03+1313971]
GetHandleVerifier [0x00007FF63B92DD06+245686]
(No symbol) [0x00007FF63B8B758F]
(No symbol) [0x00007FF63B8B3804]
(No symbol) [0x00007FF63B8B3992]
(No symbol) [0x00007FF63B8AA3EF]
BaseThreadInitThunk [0x00007FFB9AB9257D+29]
RtlUserThreadStart [0x00007FFB9C18AF28+40]

at java.base/jdk.internal.reflect.DirectConstructorHandleAccessor.newInstance(DirectConstructorHandleAccessor.java:62)
at java.base/java.lang.reflect.Constructor.newInstanceWithCaller(Constructor.java:502)
at java.base/java.lang.reflect.Constructor.newInstance(Constructor.java:486)
at org.openqa.selenium.remote.W3CHandshakeResponse.lambda$errorHandler$0(W3CHandshakeResponse.java:62)
at org.openqa.selenium.remote.HandshakeResponse.lambda$getResponseFunction$0(HandshakeResponse.java:30)
at org.openqa.selenium.remote.ProtocolHandshake.lambda$createSession$0(ProtocolHandshake.java:126)
at java.base/java.util.stream.ReferencePipeline$3$1.accept(ReferencePipeline.java:197)
at java.base/java.util.Spliterators$ArraySpliterator.tryAdvance(Spliterators.java:1034)
at java.base/java.util.stream.ReferencePipeline.forEachWithCancel(ReferencePipeline.java:129)
at java.base/java.util.stream.AbstractPipeline.copyIntoWithCancel(AbstractPipeline.java:527)
at java.base/java.util.stream.AbstractPipeline.copyInto(AbstractPipeline.java:513)
at java.base/java.util.stream.AbstractPipeline.wrapAndCopyInto(AbstractPipeline.java:499)
at java.base/java.util.stream.FindOps$FindOp.evaluateSequential(FindOps.java:150)
at java.base/java.util.stream.AbstractPipeline.evaluate(AbstractPipeline.java:234)
at java.base/java.util.stream.ReferencePipeline.findFirst(ReferencePipeline.java:647)
at org.openqa.selenium.remote.ProtocolHandshake.createSession(ProtocolHandshake.java:128)
at org.openqa.selenium.remote.ProtocolHandshake.createSession(ProtocolHandshake.java:74)
at org.openqa.selenium.remote.HttpCommandExecutor.execute(HttpCommandExecutor.java:136)
at org.openqa.selenium.remote.service.DriverCommandExecutor.execute(DriverCommandExecutor.java:83)
at org.openqa.selenium.remote.RemoteWebDriver.execute(RemoteWebDriver.java:552)
at org.openqa.selenium.remote.RemoteWebDriver.startSession(RemoteWebDriver.java:213)
at org.openqa.selenium.remote.RemoteWebDriver.<init>(RemoteWebDriver.java:131)
at org.openqa.selenium.chrome.ChromeDriver.<init>(ChromeDriver.java:181)
at org.openqa.selenium.chrome.ChromeDriver.<init>(ChromeDriver.java:168)
at org.openqa.selenium.chrome.ChromeDriver.<init>(ChromeDriver.java:157)
at Resources.GenericFunctions.initializeChromeDriver(GenericFunctions.java:68)
at TestNG_Tests.GenericVerification.collect_Load_Initialize(GenericVerification.java:87)
at java.base/jdk.internal.reflect.DirectMethodHandleAccessor.invoke(DirectMethodHandleAccessor.java:103)
at java.base/java.lang.reflect.Method.invoke(Method.java:580)
at org.testng.internal.MethodInvocationHelper.invokeMethod(MethodInvocationHelper.java:133)
at org.testng.internal.MethodInvocationHelper.invokeMethodConsideringTimeout(MethodInvocationHelper.java:62)
at org.testng.internal.ConfigInvoker.invokeConfigurationMethod(ConfigInvoker.java:385)
at org.testng.internal.ConfigInvoker.invokeConfigurations(ConfigInvoker.java:321)
at org.testng.TestRunner.invokeTestConfigurations(TestRunner.java:637)
at org.testng.TestRunner.beforeRun(TestRunner.java:627)
at org.testng.TestRunner.run(TestRunner.java:589)
at org.testng.SuiteRunner.runTest(SuiteRunner.java:377)
at org.testng.SuiteRunner.runSequentially(SuiteRunner.java:371)
at org.testng.SuiteRunner.privateRun(SuiteRunner.java:332)
at org.testng.SuiteRunner.run(SuiteRunner.java:276)
at org.testng.SuiteRunnerWorker.runSuite(SuiteRunnerWorker.java:53)
at org.testng.SuiteRunnerWorker.run(SuiteRunnerWorker.java:96)
at org.testng.TestNG.runSuitesSequentially(TestNG.java:1212)
at org.testng.TestNG.runSuitesLocally(TestNG.java:1134)
at org.testng.TestNG.runSuites(TestNG.java:1063)
at org.testng.TestNG.run(TestNG.java:1031)
at org.testng.remote.AbstractRemoteTestNG.run(AbstractRemoteTestNG.java:115)
at org.testng.remote.RemoteTestNG.initAndRun(RemoteTestNG.java:251)
at org.testng.remote.RemoteTestNG.main(RemoteTestNG.java:77)
]]>
            </full-stacktrace>
          </exception> <!-- org.openqa.selenium.SessionNotCreatedException -->
          <reporter-output>
          </reporter-output>
        </test-method> <!-- Test4_creating_a_task -->
        <test-method signature="Test5_Verify_attachment()[pri:5, instance:TestNG_Tests.GenericVerification@661972b0]" started-at="2024-09-12T12:49:59 IST" name="Test5_Verify_attachment" finished-at="2024-09-12T12:49:59 IST" duration-ms="0" status="SKIP">
          <exception class="org.openqa.selenium.SessionNotCreatedException">
            <message>
              <![CDATA[session not created: Chrome failed to start: exited normally.
  (session not created: DevToolsActivePort file doesn't exist)
  (The process started from chrome location C:\Program Files\Google\Chrome\Application\chrome.exe is no longer running, so ChromeDriver is assuming that Chrome has crashed.)
Build info: version: '3.141.59', revision: 'e82be7d358', time: '2018-11-14T08:17:03'
System info: host: 'CCU-SUDUTTA', ip: '10.22.30.254', os.name: 'Windows 11', os.arch: 'amd64', os.version: '10.0', java.version: '21.0.4'
Driver info: driver.version: ChromeDriver
remote stacktrace: GetHandleVerifier [0x00007FF63B8F9632+30946]
(No symbol) [0x00007FF63B8AE3C9]
(No symbol) [0x00007FF63B7A6FDA]
(No symbol) [0x00007FF63B7E0847]
(No symbol) [0x00007FF63B7DC4FA]
(No symbol) [0x00007FF63B8278B9]
(No symbol) [0x00007FF63B826F20]
(No symbol) [0x00007FF63B81C813]
(No symbol) [0x00007FF63B7EA6E5]
(No symbol) [0x00007FF63B7EB021]
GetHandleVerifier [0x00007FF63BA2F83D+1301229]
GetHandleVerifier [0x00007FF63BA3BDB7+1351783]
GetHandleVerifier [0x00007FF63BA32A03+1313971]
GetHandleVerifier [0x00007FF63B92DD06+245686]
(No symbol) [0x00007FF63B8B758F]
(No symbol) [0x00007FF63B8B3804]
(No symbol) [0x00007FF63B8B3992]
(No symbol) [0x00007FF63B8AA3EF]
BaseThreadInitThunk [0x00007FFB9AB9257D+29]
RtlUserThreadStart [0x00007FFB9C18AF28+40]
]]>
            </message>
            <full-stacktrace>
              <![CDATA[org.openqa.selenium.SessionNotCreatedException: session not created: Chrome failed to start: exited normally.
  (session not created: DevToolsActivePort file doesn't exist)
  (The process started from chrome location C:\Program Files\Google\Chrome\Application\chrome.exe is no longer running, so ChromeDriver is assuming that Chrome has crashed.)
Build info: version: '3.141.59', revision: 'e82be7d358', time: '2018-11-14T08:17:03'
System info: host: 'CCU-SUDUTTA', ip: '10.22.30.254', os.name: 'Windows 11', os.arch: 'amd64', os.version: '10.0', java.version: '21.0.4'
Driver info: driver.version: ChromeDriver
remote stacktrace: GetHandleVerifier [0x00007FF63B8F9632+30946]
(No symbol) [0x00007FF63B8AE3C9]
(No symbol) [0x00007FF63B7A6FDA]
(No symbol) [0x00007FF63B7E0847]
(No symbol) [0x00007FF63B7DC4FA]
(No symbol) [0x00007FF63B8278B9]
(No symbol) [0x00007FF63B826F20]
(No symbol) [0x00007FF63B81C813]
(No symbol) [0x00007FF63B7EA6E5]
(No symbol) [0x00007FF63B7EB021]
GetHandleVerifier [0x00007FF63BA2F83D+1301229]
GetHandleVerifier [0x00007FF63BA3BDB7+1351783]
GetHandleVerifier [0x00007FF63BA32A03+1313971]
GetHandleVerifier [0x00007FF63B92DD06+245686]
(No symbol) [0x00007FF63B8B758F]
(No symbol) [0x00007FF63B8B3804]
(No symbol) [0x00007FF63B8B3992]
(No symbol) [0x00007FF63B8AA3EF]
BaseThreadInitThunk [0x00007FFB9AB9257D+29]
RtlUserThreadStart [0x00007FFB9C18AF28+40]

at java.base/jdk.internal.reflect.DirectConstructorHandleAccessor.newInstance(DirectConstructorHandleAccessor.java:62)
at java.base/java.lang.reflect.Constructor.newInstanceWithCaller(Constructor.java:502)
at java.base/java.lang.reflect.Constructor.newInstance(Constructor.java:486)
at org.openqa.selenium.remote.W3CHandshakeResponse.lambda$errorHandler$0(W3CHandshakeResponse.java:62)
at org.openqa.selenium.remote.HandshakeResponse.lambda$getResponseFunction$0(HandshakeResponse.java:30)
at org.openqa.selenium.remote.ProtocolHandshake.lambda$createSession$0(ProtocolHandshake.java:126)
at java.base/java.util.stream.ReferencePipeline$3$1.accept(ReferencePipeline.java:197)
at java.base/java.util.Spliterators$ArraySpliterator.tryAdvance(Spliterators.java:1034)
at java.base/java.util.stream.ReferencePipeline.forEachWithCancel(ReferencePipeline.java:129)
at java.base/java.util.stream.AbstractPipeline.copyIntoWithCancel(AbstractPipeline.java:527)
at java.base/java.util.stream.AbstractPipeline.copyInto(AbstractPipeline.java:513)
at java.base/java.util.stream.AbstractPipeline.wrapAndCopyInto(AbstractPipeline.java:499)
at java.base/java.util.stream.FindOps$FindOp.evaluateSequential(FindOps.java:150)
at java.base/java.util.stream.AbstractPipeline.evaluate(AbstractPipeline.java:234)
at java.base/java.util.stream.ReferencePipeline.findFirst(ReferencePipeline.java:647)
at org.openqa.selenium.remote.ProtocolHandshake.createSession(ProtocolHandshake.java:128)
at org.openqa.selenium.remote.ProtocolHandshake.createSession(ProtocolHandshake.java:74)
at org.openqa.selenium.remote.HttpCommandExecutor.execute(HttpCommandExecutor.java:136)
at org.openqa.selenium.remote.service.DriverCommandExecutor.execute(DriverCommandExecutor.java:83)
at org.openqa.selenium.remote.RemoteWebDriver.execute(RemoteWebDriver.java:552)
at org.openqa.selenium.remote.RemoteWebDriver.startSession(RemoteWebDriver.java:213)
at org.openqa.selenium.remote.RemoteWebDriver.<init>(RemoteWebDriver.java:131)
at org.openqa.selenium.chrome.ChromeDriver.<init>(ChromeDriver.java:181)
at org.openqa.selenium.chrome.ChromeDriver.<init>(ChromeDriver.java:168)
at org.openqa.selenium.chrome.ChromeDriver.<init>(ChromeDriver.java:157)
at Resources.GenericFunctions.initializeChromeDriver(GenericFunctions.java:68)
at TestNG_Tests.GenericVerification.collect_Load_Initialize(GenericVerification.java:87)
at java.base/jdk.internal.reflect.DirectMethodHandleAccessor.invoke(DirectMethodHandleAccessor.java:103)
at java.base/java.lang.reflect.Method.invoke(Method.java:580)
at org.testng.internal.MethodInvocationHelper.invokeMethod(MethodInvocationHelper.java:133)
at org.testng.internal.MethodInvocationHelper.invokeMethodConsideringTimeout(MethodInvocationHelper.java:62)
at org.testng.internal.ConfigInvoker.invokeConfigurationMethod(ConfigInvoker.java:385)
at org.testng.internal.ConfigInvoker.invokeConfigurations(ConfigInvoker.java:321)
at org.testng.TestRunner.invokeTestConfigurations(TestRunner.java:637)
at org.testng.TestRunner.beforeRun(TestRunner.java:627)
at org.testng.TestRunner.run(TestRunner.java:589)
at org.testng.SuiteRunner.runTest(SuiteRunner.java:377)
at org.testng.SuiteRunner.runSequentially(SuiteRunner.java:371)
at org.testng.SuiteRunner.privateRun(SuiteRunner.java:332)
at org.testng.SuiteRunner.run(SuiteRunner.java:276)
at org.testng.SuiteRunnerWorker.runSuite(SuiteRunnerWorker.java:53)
at org.testng.SuiteRunnerWorker.run(SuiteRunnerWorker.java:96)
at org.testng.TestNG.runSuitesSequentially(TestNG.java:1212)
at org.testng.TestNG.runSuitesLocally(TestNG.java:1134)
at org.testng.TestNG.runSuites(TestNG.java:1063)
at org.testng.TestNG.run(TestNG.java:1031)
at org.testng.remote.AbstractRemoteTestNG.run(AbstractRemoteTestNG.java:115)
at org.testng.remote.RemoteTestNG.initAndRun(RemoteTestNG.java:251)
at org.testng.remote.RemoteTestNG.main(RemoteTestNG.java:77)
]]>
            </full-stacktrace>
          </exception> <!-- org.openqa.selenium.SessionNotCreatedException -->
          <reporter-output>
          </reporter-output>
        </test-method> <!-- Test5_Verify_attachment -->
        <test-method signature="Test6_task_details_appearance_on_program_history_page()[pri:6, instance:TestNG_Tests.GenericVerification@661972b0]" started-at="2024-09-12T12:49:59 IST" name="Test6_task_details_appearance_on_program_history_page" finished-at="2024-09-12T12:49:59 IST" duration-ms="0" status="SKIP">
          <exception class="org.openqa.selenium.SessionNotCreatedException">
            <message>
              <![CDATA[session not created: Chrome failed to start: exited normally.
  (session not created: DevToolsActivePort file doesn't exist)
  (The process started from chrome location C:\Program Files\Google\Chrome\Application\chrome.exe is no longer running, so ChromeDriver is assuming that Chrome has crashed.)
Build info: version: '3.141.59', revision: 'e82be7d358', time: '2018-11-14T08:17:03'
System info: host: 'CCU-SUDUTTA', ip: '10.22.30.254', os.name: 'Windows 11', os.arch: 'amd64', os.version: '10.0', java.version: '21.0.4'
Driver info: driver.version: ChromeDriver
remote stacktrace: GetHandleVerifier [0x00007FF63B8F9632+30946]
(No symbol) [0x00007FF63B8AE3C9]
(No symbol) [0x00007FF63B7A6FDA]
(No symbol) [0x00007FF63B7E0847]
(No symbol) [0x00007FF63B7DC4FA]
(No symbol) [0x00007FF63B8278B9]
(No symbol) [0x00007FF63B826F20]
(No symbol) [0x00007FF63B81C813]
(No symbol) [0x00007FF63B7EA6E5]
(No symbol) [0x00007FF63B7EB021]
GetHandleVerifier [0x00007FF63BA2F83D+1301229]
GetHandleVerifier [0x00007FF63BA3BDB7+1351783]
GetHandleVerifier [0x00007FF63BA32A03+1313971]
GetHandleVerifier [0x00007FF63B92DD06+245686]
(No symbol) [0x00007FF63B8B758F]
(No symbol) [0x00007FF63B8B3804]
(No symbol) [0x00007FF63B8B3992]
(No symbol) [0x00007FF63B8AA3EF]
BaseThreadInitThunk [0x00007FFB9AB9257D+29]
RtlUserThreadStart [0x00007FFB9C18AF28+40]
]]>
            </message>
            <full-stacktrace>
              <![CDATA[org.openqa.selenium.SessionNotCreatedException: session not created: Chrome failed to start: exited normally.
  (session not created: DevToolsActivePort file doesn't exist)
  (The process started from chrome location C:\Program Files\Google\Chrome\Application\chrome.exe is no longer running, so ChromeDriver is assuming that Chrome has crashed.)
Build info: version: '3.141.59', revision: 'e82be7d358', time: '2018-11-14T08:17:03'
System info: host: 'CCU-SUDUTTA', ip: '10.22.30.254', os.name: 'Windows 11', os.arch: 'amd64', os.version: '10.0', java.version: '21.0.4'
Driver info: driver.version: ChromeDriver
remote stacktrace: GetHandleVerifier [0x00007FF63B8F9632+30946]
(No symbol) [0x00007FF63B8AE3C9]
(No symbol) [0x00007FF63B7A6FDA]
(No symbol) [0x00007FF63B7E0847]
(No symbol) [0x00007FF63B7DC4FA]
(No symbol) [0x00007FF63B8278B9]
(No symbol) [0x00007FF63B826F20]
(No symbol) [0x00007FF63B81C813]
(No symbol) [0x00007FF63B7EA6E5]
(No symbol) [0x00007FF63B7EB021]
GetHandleVerifier [0x00007FF63BA2F83D+1301229]
GetHandleVerifier [0x00007FF63BA3BDB7+1351783]
GetHandleVerifier [0x00007FF63BA32A03+1313971]
GetHandleVerifier [0x00007FF63B92DD06+245686]
(No symbol) [0x00007FF63B8B758F]
(No symbol) [0x00007FF63B8B3804]
(No symbol) [0x00007FF63B8B3992]
(No symbol) [0x00007FF63B8AA3EF]
BaseThreadInitThunk [0x00007FFB9AB9257D+29]
RtlUserThreadStart [0x00007FFB9C18AF28+40]

at java.base/jdk.internal.reflect.DirectConstructorHandleAccessor.newInstance(DirectConstructorHandleAccessor.java:62)
at java.base/java.lang.reflect.Constructor.newInstanceWithCaller(Constructor.java:502)
at java.base/java.lang.reflect.Constructor.newInstance(Constructor.java:486)
at org.openqa.selenium.remote.W3CHandshakeResponse.lambda$errorHandler$0(W3CHandshakeResponse.java:62)
at org.openqa.selenium.remote.HandshakeResponse.lambda$getResponseFunction$0(HandshakeResponse.java:30)
at org.openqa.selenium.remote.ProtocolHandshake.lambda$createSession$0(ProtocolHandshake.java:126)
at java.base/java.util.stream.ReferencePipeline$3$1.accept(ReferencePipeline.java:197)
at java.base/java.util.Spliterators$ArraySpliterator.tryAdvance(Spliterators.java:1034)
at java.base/java.util.stream.ReferencePipeline.forEachWithCancel(ReferencePipeline.java:129)
at java.base/java.util.stream.AbstractPipeline.copyIntoWithCancel(AbstractPipeline.java:527)
at java.base/java.util.stream.AbstractPipeline.copyInto(AbstractPipeline.java:513)
at java.base/java.util.stream.AbstractPipeline.wrapAndCopyInto(AbstractPipeline.java:499)
at java.base/java.util.stream.FindOps$FindOp.evaluateSequential(FindOps.java:150)
at java.base/java.util.stream.AbstractPipeline.evaluate(AbstractPipeline.java:234)
at java.base/java.util.stream.ReferencePipeline.findFirst(ReferencePipeline.java:647)
at org.openqa.selenium.remote.ProtocolHandshake.createSession(ProtocolHandshake.java:128)
at org.openqa.selenium.remote.ProtocolHandshake.createSession(ProtocolHandshake.java:74)
at org.openqa.selenium.remote.HttpCommandExecutor.execute(HttpCommandExecutor.java:136)
at org.openqa.selenium.remote.service.DriverCommandExecutor.execute(DriverCommandExecutor.java:83)
at org.openqa.selenium.remote.RemoteWebDriver.execute(RemoteWebDriver.java:552)
at org.openqa.selenium.remote.RemoteWebDriver.startSession(RemoteWebDriver.java:213)
at org.openqa.selenium.remote.RemoteWebDriver.<init>(RemoteWebDriver.java:131)
at org.openqa.selenium.chrome.ChromeDriver.<init>(ChromeDriver.java:181)
at org.openqa.selenium.chrome.ChromeDriver.<init>(ChromeDriver.java:168)
at org.openqa.selenium.chrome.ChromeDriver.<init>(ChromeDriver.java:157)
at Resources.GenericFunctions.initializeChromeDriver(GenericFunctions.java:68)
at TestNG_Tests.GenericVerification.collect_Load_Initialize(GenericVerification.java:87)
at java.base/jdk.internal.reflect.DirectMethodHandleAccessor.invoke(DirectMethodHandleAccessor.java:103)
at java.base/java.lang.reflect.Method.invoke(Method.java:580)
at org.testng.internal.MethodInvocationHelper.invokeMethod(MethodInvocationHelper.java:133)
at org.testng.internal.MethodInvocationHelper.invokeMethodConsideringTimeout(MethodInvocationHelper.java:62)
at org.testng.internal.ConfigInvoker.invokeConfigurationMethod(ConfigInvoker.java:385)
at org.testng.internal.ConfigInvoker.invokeConfigurations(ConfigInvoker.java:321)
at org.testng.TestRunner.invokeTestConfigurations(TestRunner.java:637)
at org.testng.TestRunner.beforeRun(TestRunner.java:627)
at org.testng.TestRunner.run(TestRunner.java:589)
at org.testng.SuiteRunner.runTest(SuiteRunner.java:377)
at org.testng.SuiteRunner.runSequentially(SuiteRunner.java:371)
at org.testng.SuiteRunner.privateRun(SuiteRunner.java:332)
at org.testng.SuiteRunner.run(SuiteRunner.java:276)
at org.testng.SuiteRunnerWorker.runSuite(SuiteRunnerWorker.java:53)
at org.testng.SuiteRunnerWorker.run(SuiteRunnerWorker.java:96)
at org.testng.TestNG.runSuitesSequentially(TestNG.java:1212)
at org.testng.TestNG.runSuitesLocally(TestNG.java:1134)
at org.testng.TestNG.runSuites(TestNG.java:1063)
at org.testng.TestNG.run(TestNG.java:1031)
at org.testng.remote.AbstractRemoteTestNG.run(AbstractRemoteTestNG.java:115)
at org.testng.remote.RemoteTestNG.initAndRun(RemoteTestNG.java:251)
at org.testng.remote.RemoteTestNG.main(RemoteTestNG.java:77)
]]>
            </full-stacktrace>
          </exception> <!-- org.openqa.selenium.SessionNotCreatedException -->
          <reporter-output>
          </reporter-output>
        </test-method> <!-- Test6_task_details_appearance_on_program_history_page -->
        <test-method signature="Test7_navigate_again_to_agenda_view()[pri:7, instance:TestNG_Tests.GenericVerification@661972b0]" started-at="2024-09-12T12:49:59 IST" name="Test7_navigate_again_to_agenda_view" finished-at="2024-09-12T12:49:59 IST" duration-ms="0" status="SKIP">
          <exception class="org.openqa.selenium.SessionNotCreatedException">
            <message>
              <![CDATA[session not created: Chrome failed to start: exited normally.
  (session not created: DevToolsActivePort file doesn't exist)
  (The process started from chrome location C:\Program Files\Google\Chrome\Application\chrome.exe is no longer running, so ChromeDriver is assuming that Chrome has crashed.)
Build info: version: '3.141.59', revision: 'e82be7d358', time: '2018-11-14T08:17:03'
System info: host: 'CCU-SUDUTTA', ip: '10.22.30.254', os.name: 'Windows 11', os.arch: 'amd64', os.version: '10.0', java.version: '21.0.4'
Driver info: driver.version: ChromeDriver
remote stacktrace: GetHandleVerifier [0x00007FF63B8F9632+30946]
(No symbol) [0x00007FF63B8AE3C9]
(No symbol) [0x00007FF63B7A6FDA]
(No symbol) [0x00007FF63B7E0847]
(No symbol) [0x00007FF63B7DC4FA]
(No symbol) [0x00007FF63B8278B9]
(No symbol) [0x00007FF63B826F20]
(No symbol) [0x00007FF63B81C813]
(No symbol) [0x00007FF63B7EA6E5]
(No symbol) [0x00007FF63B7EB021]
GetHandleVerifier [0x00007FF63BA2F83D+1301229]
GetHandleVerifier [0x00007FF63BA3BDB7+1351783]
GetHandleVerifier [0x00007FF63BA32A03+1313971]
GetHandleVerifier [0x00007FF63B92DD06+245686]
(No symbol) [0x00007FF63B8B758F]
(No symbol) [0x00007FF63B8B3804]
(No symbol) [0x00007FF63B8B3992]
(No symbol) [0x00007FF63B8AA3EF]
BaseThreadInitThunk [0x00007FFB9AB9257D+29]
RtlUserThreadStart [0x00007FFB9C18AF28+40]
]]>
            </message>
            <full-stacktrace>
              <![CDATA[org.openqa.selenium.SessionNotCreatedException: session not created: Chrome failed to start: exited normally.
  (session not created: DevToolsActivePort file doesn't exist)
  (The process started from chrome location C:\Program Files\Google\Chrome\Application\chrome.exe is no longer running, so ChromeDriver is assuming that Chrome has crashed.)
Build info: version: '3.141.59', revision: 'e82be7d358', time: '2018-11-14T08:17:03'
System info: host: 'CCU-SUDUTTA', ip: '10.22.30.254', os.name: 'Windows 11', os.arch: 'amd64', os.version: '10.0', java.version: '21.0.4'
Driver info: driver.version: ChromeDriver
remote stacktrace: GetHandleVerifier [0x00007FF63B8F9632+30946]
(No symbol) [0x00007FF63B8AE3C9]
(No symbol) [0x00007FF63B7A6FDA]
(No symbol) [0x00007FF63B7E0847]
(No symbol) [0x00007FF63B7DC4FA]
(No symbol) [0x00007FF63B8278B9]
(No symbol) [0x00007FF63B826F20]
(No symbol) [0x00007FF63B81C813]
(No symbol) [0x00007FF63B7EA6E5]
(No symbol) [0x00007FF63B7EB021]
GetHandleVerifier [0x00007FF63BA2F83D+1301229]
GetHandleVerifier [0x00007FF63BA3BDB7+1351783]
GetHandleVerifier [0x00007FF63BA32A03+1313971]
GetHandleVerifier [0x00007FF63B92DD06+245686]
(No symbol) [0x00007FF63B8B758F]
(No symbol) [0x00007FF63B8B3804]
(No symbol) [0x00007FF63B8B3992]
(No symbol) [0x00007FF63B8AA3EF]
BaseThreadInitThunk [0x00007FFB9AB9257D+29]
RtlUserThreadStart [0x00007FFB9C18AF28+40]

at java.base/jdk.internal.reflect.DirectConstructorHandleAccessor.newInstance(DirectConstructorHandleAccessor.java:62)
at java.base/java.lang.reflect.Constructor.newInstanceWithCaller(Constructor.java:502)
at java.base/java.lang.reflect.Constructor.newInstance(Constructor.java:486)
at org.openqa.selenium.remote.W3CHandshakeResponse.lambda$errorHandler$0(W3CHandshakeResponse.java:62)
at org.openqa.selenium.remote.HandshakeResponse.lambda$getResponseFunction$0(HandshakeResponse.java:30)
at org.openqa.selenium.remote.ProtocolHandshake.lambda$createSession$0(ProtocolHandshake.java:126)
at java.base/java.util.stream.ReferencePipeline$3$1.accept(ReferencePipeline.java:197)
at java.base/java.util.Spliterators$ArraySpliterator.tryAdvance(Spliterators.java:1034)
at java.base/java.util.stream.ReferencePipeline.forEachWithCancel(ReferencePipeline.java:129)
at java.base/java.util.stream.AbstractPipeline.copyIntoWithCancel(AbstractPipeline.java:527)
at java.base/java.util.stream.AbstractPipeline.copyInto(AbstractPipeline.java:513)
at java.base/java.util.stream.AbstractPipeline.wrapAndCopyInto(AbstractPipeline.java:499)
at java.base/java.util.stream.FindOps$FindOp.evaluateSequential(FindOps.java:150)
at java.base/java.util.stream.AbstractPipeline.evaluate(AbstractPipeline.java:234)
at java.base/java.util.stream.ReferencePipeline.findFirst(ReferencePipeline.java:647)
at org.openqa.selenium.remote.ProtocolHandshake.createSession(ProtocolHandshake.java:128)
at org.openqa.selenium.remote.ProtocolHandshake.createSession(ProtocolHandshake.java:74)
at org.openqa.selenium.remote.HttpCommandExecutor.execute(HttpCommandExecutor.java:136)
at org.openqa.selenium.remote.service.DriverCommandExecutor.execute(DriverCommandExecutor.java:83)
at org.openqa.selenium.remote.RemoteWebDriver.execute(RemoteWebDriver.java:552)
at org.openqa.selenium.remote.RemoteWebDriver.startSession(RemoteWebDriver.java:213)
at org.openqa.selenium.remote.RemoteWebDriver.<init>(RemoteWebDriver.java:131)
at org.openqa.selenium.chrome.ChromeDriver.<init>(ChromeDriver.java:181)
at org.openqa.selenium.chrome.ChromeDriver.<init>(ChromeDriver.java:168)
at org.openqa.selenium.chrome.ChromeDriver.<init>(ChromeDriver.java:157)
at Resources.GenericFunctions.initializeChromeDriver(GenericFunctions.java:68)
at TestNG_Tests.GenericVerification.collect_Load_Initialize(GenericVerification.java:87)
at java.base/jdk.internal.reflect.DirectMethodHandleAccessor.invoke(DirectMethodHandleAccessor.java:103)
at java.base/java.lang.reflect.Method.invoke(Method.java:580)
at org.testng.internal.MethodInvocationHelper.invokeMethod(MethodInvocationHelper.java:133)
at org.testng.internal.MethodInvocationHelper.invokeMethodConsideringTimeout(MethodInvocationHelper.java:62)
at org.testng.internal.ConfigInvoker.invokeConfigurationMethod(ConfigInvoker.java:385)
at org.testng.internal.ConfigInvoker.invokeConfigurations(ConfigInvoker.java:321)
at org.testng.TestRunner.invokeTestConfigurations(TestRunner.java:637)
at org.testng.TestRunner.beforeRun(TestRunner.java:627)
at org.testng.TestRunner.run(TestRunner.java:589)
at org.testng.SuiteRunner.runTest(SuiteRunner.java:377)
at org.testng.SuiteRunner.runSequentially(SuiteRunner.java:371)
at org.testng.SuiteRunner.privateRun(SuiteRunner.java:332)
at org.testng.SuiteRunner.run(SuiteRunner.java:276)
at org.testng.SuiteRunnerWorker.runSuite(SuiteRunnerWorker.java:53)
at org.testng.SuiteRunnerWorker.run(SuiteRunnerWorker.java:96)
at org.testng.TestNG.runSuitesSequentially(TestNG.java:1212)
at org.testng.TestNG.runSuitesLocally(TestNG.java:1134)
at org.testng.TestNG.runSuites(TestNG.java:1063)
at org.testng.TestNG.run(TestNG.java:1031)
at org.testng.remote.AbstractRemoteTestNG.run(AbstractRemoteTestNG.java:115)
at org.testng.remote.RemoteTestNG.initAndRun(RemoteTestNG.java:251)
at org.testng.remote.RemoteTestNG.main(RemoteTestNG.java:77)
]]>
            </full-stacktrace>
          </exception> <!-- org.openqa.selenium.SessionNotCreatedException -->
          <reporter-output>
          </reporter-output>
        </test-method> <!-- Test7_navigate_again_to_agenda_view -->
        <test-method signature="Test8_check_taskID_populating_at_agenda_view()[pri:8, instance:TestNG_Tests.GenericVerification@661972b0]" started-at="2024-09-12T12:49:59 IST" name="Test8_check_taskID_populating_at_agenda_view" finished-at="2024-09-12T12:49:59 IST" duration-ms="0" status="SKIP">
          <exception class="org.openqa.selenium.SessionNotCreatedException">
            <message>
              <![CDATA[session not created: Chrome failed to start: exited normally.
  (session not created: DevToolsActivePort file doesn't exist)
  (The process started from chrome location C:\Program Files\Google\Chrome\Application\chrome.exe is no longer running, so ChromeDriver is assuming that Chrome has crashed.)
Build info: version: '3.141.59', revision: 'e82be7d358', time: '2018-11-14T08:17:03'
System info: host: 'CCU-SUDUTTA', ip: '10.22.30.254', os.name: 'Windows 11', os.arch: 'amd64', os.version: '10.0', java.version: '21.0.4'
Driver info: driver.version: ChromeDriver
remote stacktrace: GetHandleVerifier [0x00007FF63B8F9632+30946]
(No symbol) [0x00007FF63B8AE3C9]
(No symbol) [0x00007FF63B7A6FDA]
(No symbol) [0x00007FF63B7E0847]
(No symbol) [0x00007FF63B7DC4FA]
(No symbol) [0x00007FF63B8278B9]
(No symbol) [0x00007FF63B826F20]
(No symbol) [0x00007FF63B81C813]
(No symbol) [0x00007FF63B7EA6E5]
(No symbol) [0x00007FF63B7EB021]
GetHandleVerifier [0x00007FF63BA2F83D+1301229]
GetHandleVerifier [0x00007FF63BA3BDB7+1351783]
GetHandleVerifier [0x00007FF63BA32A03+1313971]
GetHandleVerifier [0x00007FF63B92DD06+245686]
(No symbol) [0x00007FF63B8B758F]
(No symbol) [0x00007FF63B8B3804]
(No symbol) [0x00007FF63B8B3992]
(No symbol) [0x00007FF63B8AA3EF]
BaseThreadInitThunk [0x00007FFB9AB9257D+29]
RtlUserThreadStart [0x00007FFB9C18AF28+40]
]]>
            </message>
            <full-stacktrace>
              <![CDATA[org.openqa.selenium.SessionNotCreatedException: session not created: Chrome failed to start: exited normally.
  (session not created: DevToolsActivePort file doesn't exist)
  (The process started from chrome location C:\Program Files\Google\Chrome\Application\chrome.exe is no longer running, so ChromeDriver is assuming that Chrome has crashed.)
Build info: version: '3.141.59', revision: 'e82be7d358', time: '2018-11-14T08:17:03'
System info: host: 'CCU-SUDUTTA', ip: '10.22.30.254', os.name: 'Windows 11', os.arch: 'amd64', os.version: '10.0', java.version: '21.0.4'
Driver info: driver.version: ChromeDriver
remote stacktrace: GetHandleVerifier [0x00007FF63B8F9632+30946]
(No symbol) [0x00007FF63B8AE3C9]
(No symbol) [0x00007FF63B7A6FDA]
(No symbol) [0x00007FF63B7E0847]
(No symbol) [0x00007FF63B7DC4FA]
(No symbol) [0x00007FF63B8278B9]
(No symbol) [0x00007FF63B826F20]
(No symbol) [0x00007FF63B81C813]
(No symbol) [0x00007FF63B7EA6E5]
(No symbol) [0x00007FF63B7EB021]
GetHandleVerifier [0x00007FF63BA2F83D+1301229]
GetHandleVerifier [0x00007FF63BA3BDB7+1351783]
GetHandleVerifier [0x00007FF63BA32A03+1313971]
GetHandleVerifier [0x00007FF63B92DD06+245686]
(No symbol) [0x00007FF63B8B758F]
(No symbol) [0x00007FF63B8B3804]
(No symbol) [0x00007FF63B8B3992]
(No symbol) [0x00007FF63B8AA3EF]
BaseThreadInitThunk [0x00007FFB9AB9257D+29]
RtlUserThreadStart [0x00007FFB9C18AF28+40]

at java.base/jdk.internal.reflect.DirectConstructorHandleAccessor.newInstance(DirectConstructorHandleAccessor.java:62)
at java.base/java.lang.reflect.Constructor.newInstanceWithCaller(Constructor.java:502)
at java.base/java.lang.reflect.Constructor.newInstance(Constructor.java:486)
at org.openqa.selenium.remote.W3CHandshakeResponse.lambda$errorHandler$0(W3CHandshakeResponse.java:62)
at org.openqa.selenium.remote.HandshakeResponse.lambda$getResponseFunction$0(HandshakeResponse.java:30)
at org.openqa.selenium.remote.ProtocolHandshake.lambda$createSession$0(ProtocolHandshake.java:126)
at java.base/java.util.stream.ReferencePipeline$3$1.accept(ReferencePipeline.java:197)
at java.base/java.util.Spliterators$ArraySpliterator.tryAdvance(Spliterators.java:1034)
at java.base/java.util.stream.ReferencePipeline.forEachWithCancel(ReferencePipeline.java:129)
at java.base/java.util.stream.AbstractPipeline.copyIntoWithCancel(AbstractPipeline.java:527)
at java.base/java.util.stream.AbstractPipeline.copyInto(AbstractPipeline.java:513)
at java.base/java.util.stream.AbstractPipeline.wrapAndCopyInto(AbstractPipeline.java:499)
at java.base/java.util.stream.FindOps$FindOp.evaluateSequential(FindOps.java:150)
at java.base/java.util.stream.AbstractPipeline.evaluate(AbstractPipeline.java:234)
at java.base/java.util.stream.ReferencePipeline.findFirst(ReferencePipeline.java:647)
at org.openqa.selenium.remote.ProtocolHandshake.createSession(ProtocolHandshake.java:128)
at org.openqa.selenium.remote.ProtocolHandshake.createSession(ProtocolHandshake.java:74)
at org.openqa.selenium.remote.HttpCommandExecutor.execute(HttpCommandExecutor.java:136)
at org.openqa.selenium.remote.service.DriverCommandExecutor.execute(DriverCommandExecutor.java:83)
at org.openqa.selenium.remote.RemoteWebDriver.execute(RemoteWebDriver.java:552)
at org.openqa.selenium.remote.RemoteWebDriver.startSession(RemoteWebDriver.java:213)
at org.openqa.selenium.remote.RemoteWebDriver.<init>(RemoteWebDriver.java:131)
at org.openqa.selenium.chrome.ChromeDriver.<init>(ChromeDriver.java:181)
at org.openqa.selenium.chrome.ChromeDriver.<init>(ChromeDriver.java:168)
at org.openqa.selenium.chrome.ChromeDriver.<init>(ChromeDriver.java:157)
at Resources.GenericFunctions.initializeChromeDriver(GenericFunctions.java:68)
at TestNG_Tests.GenericVerification.collect_Load_Initialize(GenericVerification.java:87)
at java.base/jdk.internal.reflect.DirectMethodHandleAccessor.invoke(DirectMethodHandleAccessor.java:103)
at java.base/java.lang.reflect.Method.invoke(Method.java:580)
at org.testng.internal.MethodInvocationHelper.invokeMethod(MethodInvocationHelper.java:133)
at org.testng.internal.MethodInvocationHelper.invokeMethodConsideringTimeout(MethodInvocationHelper.java:62)
at org.testng.internal.ConfigInvoker.invokeConfigurationMethod(ConfigInvoker.java:385)
at org.testng.internal.ConfigInvoker.invokeConfigurations(ConfigInvoker.java:321)
at org.testng.TestRunner.invokeTestConfigurations(TestRunner.java:637)
at org.testng.TestRunner.beforeRun(TestRunner.java:627)
at org.testng.TestRunner.run(TestRunner.java:589)
at org.testng.SuiteRunner.runTest(SuiteRunner.java:377)
at org.testng.SuiteRunner.runSequentially(SuiteRunner.java:371)
at org.testng.SuiteRunner.privateRun(SuiteRunner.java:332)
at org.testng.SuiteRunner.run(SuiteRunner.java:276)
at org.testng.SuiteRunnerWorker.runSuite(SuiteRunnerWorker.java:53)
at org.testng.SuiteRunnerWorker.run(SuiteRunnerWorker.java:96)
at org.testng.TestNG.runSuitesSequentially(TestNG.java:1212)
at org.testng.TestNG.runSuitesLocally(TestNG.java:1134)
at org.testng.TestNG.runSuites(TestNG.java:1063)
at org.testng.TestNG.run(TestNG.java:1031)
at org.testng.remote.AbstractRemoteTestNG.run(AbstractRemoteTestNG.java:115)
at org.testng.remote.RemoteTestNG.initAndRun(RemoteTestNG.java:251)
at org.testng.remote.RemoteTestNG.main(RemoteTestNG.java:77)
]]>
            </full-stacktrace>
          </exception> <!-- org.openqa.selenium.SessionNotCreatedException -->
          <reporter-output>
          </reporter-output>
        </test-method> <!-- Test8_check_taskID_populating_at_agenda_view -->
        <test-method signature="Test9_check_taskID_populating_at_programs_page()[pri:9, instance:TestNG_Tests.GenericVerification@661972b0]" started-at="2024-09-12T12:49:59 IST" name="Test9_check_taskID_populating_at_programs_page" finished-at="2024-09-12T12:49:59 IST" duration-ms="0" status="SKIP">
          <exception class="org.openqa.selenium.SessionNotCreatedException">
            <message>
              <![CDATA[session not created: Chrome failed to start: exited normally.
  (session not created: DevToolsActivePort file doesn't exist)
  (The process started from chrome location C:\Program Files\Google\Chrome\Application\chrome.exe is no longer running, so ChromeDriver is assuming that Chrome has crashed.)
Build info: version: '3.141.59', revision: 'e82be7d358', time: '2018-11-14T08:17:03'
System info: host: 'CCU-SUDUTTA', ip: '10.22.30.254', os.name: 'Windows 11', os.arch: 'amd64', os.version: '10.0', java.version: '21.0.4'
Driver info: driver.version: ChromeDriver
remote stacktrace: GetHandleVerifier [0x00007FF63B8F9632+30946]
(No symbol) [0x00007FF63B8AE3C9]
(No symbol) [0x00007FF63B7A6FDA]
(No symbol) [0x00007FF63B7E0847]
(No symbol) [0x00007FF63B7DC4FA]
(No symbol) [0x00007FF63B8278B9]
(No symbol) [0x00007FF63B826F20]
(No symbol) [0x00007FF63B81C813]
(No symbol) [0x00007FF63B7EA6E5]
(No symbol) [0x00007FF63B7EB021]
GetHandleVerifier [0x00007FF63BA2F83D+1301229]
GetHandleVerifier [0x00007FF63BA3BDB7+1351783]
GetHandleVerifier [0x00007FF63BA32A03+1313971]
GetHandleVerifier [0x00007FF63B92DD06+245686]
(No symbol) [0x00007FF63B8B758F]
(No symbol) [0x00007FF63B8B3804]
(No symbol) [0x00007FF63B8B3992]
(No symbol) [0x00007FF63B8AA3EF]
BaseThreadInitThunk [0x00007FFB9AB9257D+29]
RtlUserThreadStart [0x00007FFB9C18AF28+40]
]]>
            </message>
            <full-stacktrace>
              <![CDATA[org.openqa.selenium.SessionNotCreatedException: session not created: Chrome failed to start: exited normally.
  (session not created: DevToolsActivePort file doesn't exist)
  (The process started from chrome location C:\Program Files\Google\Chrome\Application\chrome.exe is no longer running, so ChromeDriver is assuming that Chrome has crashed.)
Build info: version: '3.141.59', revision: 'e82be7d358', time: '2018-11-14T08:17:03'
System info: host: 'CCU-SUDUTTA', ip: '10.22.30.254', os.name: 'Windows 11', os.arch: 'amd64', os.version: '10.0', java.version: '21.0.4'
Driver info: driver.version: ChromeDriver
remote stacktrace: GetHandleVerifier [0x00007FF63B8F9632+30946]
(No symbol) [0x00007FF63B8AE3C9]
(No symbol) [0x00007FF63B7A6FDA]
(No symbol) [0x00007FF63B7E0847]
(No symbol) [0x00007FF63B7DC4FA]
(No symbol) [0x00007FF63B8278B9]
(No symbol) [0x00007FF63B826F20]
(No symbol) [0x00007FF63B81C813]
(No symbol) [0x00007FF63B7EA6E5]
(No symbol) [0x00007FF63B7EB021]
GetHandleVerifier [0x00007FF63BA2F83D+1301229]
GetHandleVerifier [0x00007FF63BA3BDB7+1351783]
GetHandleVerifier [0x00007FF63BA32A03+1313971]
GetHandleVerifier [0x00007FF63B92DD06+245686]
(No symbol) [0x00007FF63B8B758F]
(No symbol) [0x00007FF63B8B3804]
(No symbol) [0x00007FF63B8B3992]
(No symbol) [0x00007FF63B8AA3EF]
BaseThreadInitThunk [0x00007FFB9AB9257D+29]
RtlUserThreadStart [0x00007FFB9C18AF28+40]

at java.base/jdk.internal.reflect.DirectConstructorHandleAccessor.newInstance(DirectConstructorHandleAccessor.java:62)
at java.base/java.lang.reflect.Constructor.newInstanceWithCaller(Constructor.java:502)
at java.base/java.lang.reflect.Constructor.newInstance(Constructor.java:486)
at org.openqa.selenium.remote.W3CHandshakeResponse.lambda$errorHandler$0(W3CHandshakeResponse.java:62)
at org.openqa.selenium.remote.HandshakeResponse.lambda$getResponseFunction$0(HandshakeResponse.java:30)
at org.openqa.selenium.remote.ProtocolHandshake.lambda$createSession$0(ProtocolHandshake.java:126)
at java.base/java.util.stream.ReferencePipeline$3$1.accept(ReferencePipeline.java:197)
at java.base/java.util.Spliterators$ArraySpliterator.tryAdvance(Spliterators.java:1034)
at java.base/java.util.stream.ReferencePipeline.forEachWithCancel(ReferencePipeline.java:129)
at java.base/java.util.stream.AbstractPipeline.copyIntoWithCancel(AbstractPipeline.java:527)
at java.base/java.util.stream.AbstractPipeline.copyInto(AbstractPipeline.java:513)
at java.base/java.util.stream.AbstractPipeline.wrapAndCopyInto(AbstractPipeline.java:499)
at java.base/java.util.stream.FindOps$FindOp.evaluateSequential(FindOps.java:150)
at java.base/java.util.stream.AbstractPipeline.evaluate(AbstractPipeline.java:234)
at java.base/java.util.stream.ReferencePipeline.findFirst(ReferencePipeline.java:647)
at org.openqa.selenium.remote.ProtocolHandshake.createSession(ProtocolHandshake.java:128)
at org.openqa.selenium.remote.ProtocolHandshake.createSession(ProtocolHandshake.java:74)
at org.openqa.selenium.remote.HttpCommandExecutor.execute(HttpCommandExecutor.java:136)
at org.openqa.selenium.remote.service.DriverCommandExecutor.execute(DriverCommandExecutor.java:83)
at org.openqa.selenium.remote.RemoteWebDriver.execute(RemoteWebDriver.java:552)
at org.openqa.selenium.remote.RemoteWebDriver.startSession(RemoteWebDriver.java:213)
at org.openqa.selenium.remote.RemoteWebDriver.<init>(RemoteWebDriver.java:131)
at org.openqa.selenium.chrome.ChromeDriver.<init>(ChromeDriver.java:181)
at org.openqa.selenium.chrome.ChromeDriver.<init>(ChromeDriver.java:168)
at org.openqa.selenium.chrome.ChromeDriver.<init>(ChromeDriver.java:157)
at Resources.GenericFunctions.initializeChromeDriver(GenericFunctions.java:68)
at TestNG_Tests.GenericVerification.collect_Load_Initialize(GenericVerification.java:87)
at java.base/jdk.internal.reflect.DirectMethodHandleAccessor.invoke(DirectMethodHandleAccessor.java:103)
at java.base/java.lang.reflect.Method.invoke(Method.java:580)
at org.testng.internal.MethodInvocationHelper.invokeMethod(MethodInvocationHelper.java:133)
at org.testng.internal.MethodInvocationHelper.invokeMethodConsideringTimeout(MethodInvocationHelper.java:62)
at org.testng.internal.ConfigInvoker.invokeConfigurationMethod(ConfigInvoker.java:385)
at org.testng.internal.ConfigInvoker.invokeConfigurations(ConfigInvoker.java:321)
at org.testng.TestRunner.invokeTestConfigurations(TestRunner.java:637)
at org.testng.TestRunner.beforeRun(TestRunner.java:627)
at org.testng.TestRunner.run(TestRunner.java:589)
at org.testng.SuiteRunner.runTest(SuiteRunner.java:377)
at org.testng.SuiteRunner.runSequentially(SuiteRunner.java:371)
at org.testng.SuiteRunner.privateRun(SuiteRunner.java:332)
at org.testng.SuiteRunner.run(SuiteRunner.java:276)
at org.testng.SuiteRunnerWorker.runSuite(SuiteRunnerWorker.java:53)
at org.testng.SuiteRunnerWorker.run(SuiteRunnerWorker.java:96)
at org.testng.TestNG.runSuitesSequentially(TestNG.java:1212)
at org.testng.TestNG.runSuitesLocally(TestNG.java:1134)
at org.testng.TestNG.runSuites(TestNG.java:1063)
at org.testng.TestNG.run(TestNG.java:1031)
at org.testng.remote.AbstractRemoteTestNG.run(AbstractRemoteTestNG.java:115)
at org.testng.remote.RemoteTestNG.initAndRun(RemoteTestNG.java:251)
at org.testng.remote.RemoteTestNG.main(RemoteTestNG.java:77)
]]>
            </full-stacktrace>
          </exception> <!-- org.openqa.selenium.SessionNotCreatedException -->
          <reporter-output>
          </reporter-output>
        </test-method> <!-- Test9_check_taskID_populating_at_programs_page -->
        <test-method signature="Test10_check_programID_populating_at_reports_page()[pri:10, instance:TestNG_Tests.GenericVerification@661972b0]" started-at="2024-09-12T12:49:59 IST" name="Test10_check_programID_populating_at_reports_page" finished-at="2024-09-12T12:49:59 IST" duration-ms="0" status="SKIP">
          <exception class="org.openqa.selenium.SessionNotCreatedException">
            <message>
              <![CDATA[session not created: Chrome failed to start: exited normally.
  (session not created: DevToolsActivePort file doesn't exist)
  (The process started from chrome location C:\Program Files\Google\Chrome\Application\chrome.exe is no longer running, so ChromeDriver is assuming that Chrome has crashed.)
Build info: version: '3.141.59', revision: 'e82be7d358', time: '2018-11-14T08:17:03'
System info: host: 'CCU-SUDUTTA', ip: '10.22.30.254', os.name: 'Windows 11', os.arch: 'amd64', os.version: '10.0', java.version: '21.0.4'
Driver info: driver.version: ChromeDriver
remote stacktrace: GetHandleVerifier [0x00007FF63B8F9632+30946]
(No symbol) [0x00007FF63B8AE3C9]
(No symbol) [0x00007FF63B7A6FDA]
(No symbol) [0x00007FF63B7E0847]
(No symbol) [0x00007FF63B7DC4FA]
(No symbol) [0x00007FF63B8278B9]
(No symbol) [0x00007FF63B826F20]
(No symbol) [0x00007FF63B81C813]
(No symbol) [0x00007FF63B7EA6E5]
(No symbol) [0x00007FF63B7EB021]
GetHandleVerifier [0x00007FF63BA2F83D+1301229]
GetHandleVerifier [0x00007FF63BA3BDB7+1351783]
GetHandleVerifier [0x00007FF63BA32A03+1313971]
GetHandleVerifier [0x00007FF63B92DD06+245686]
(No symbol) [0x00007FF63B8B758F]
(No symbol) [0x00007FF63B8B3804]
(No symbol) [0x00007FF63B8B3992]
(No symbol) [0x00007FF63B8AA3EF]
BaseThreadInitThunk [0x00007FFB9AB9257D+29]
RtlUserThreadStart [0x00007FFB9C18AF28+40]
]]>
            </message>
            <full-stacktrace>
              <![CDATA[org.openqa.selenium.SessionNotCreatedException: session not created: Chrome failed to start: exited normally.
  (session not created: DevToolsActivePort file doesn't exist)
  (The process started from chrome location C:\Program Files\Google\Chrome\Application\chrome.exe is no longer running, so ChromeDriver is assuming that Chrome has crashed.)
Build info: version: '3.141.59', revision: 'e82be7d358', time: '2018-11-14T08:17:03'
System info: host: 'CCU-SUDUTTA', ip: '10.22.30.254', os.name: 'Windows 11', os.arch: 'amd64', os.version: '10.0', java.version: '21.0.4'
Driver info: driver.version: ChromeDriver
remote stacktrace: GetHandleVerifier [0x00007FF63B8F9632+30946]
(No symbol) [0x00007FF63B8AE3C9]
(No symbol) [0x00007FF63B7A6FDA]
(No symbol) [0x00007FF63B7E0847]
(No symbol) [0x00007FF63B7DC4FA]
(No symbol) [0x00007FF63B8278B9]
(No symbol) [0x00007FF63B826F20]
(No symbol) [0x00007FF63B81C813]
(No symbol) [0x00007FF63B7EA6E5]
(No symbol) [0x00007FF63B7EB021]
GetHandleVerifier [0x00007FF63BA2F83D+1301229]
GetHandleVerifier [0x00007FF63BA3BDB7+1351783]
GetHandleVerifier [0x00007FF63BA32A03+1313971]
GetHandleVerifier [0x00007FF63B92DD06+245686]
(No symbol) [0x00007FF63B8B758F]
(No symbol) [0x00007FF63B8B3804]
(No symbol) [0x00007FF63B8B3992]
(No symbol) [0x00007FF63B8AA3EF]
BaseThreadInitThunk [0x00007FFB9AB9257D+29]
RtlUserThreadStart [0x00007FFB9C18AF28+40]

at java.base/jdk.internal.reflect.DirectConstructorHandleAccessor.newInstance(DirectConstructorHandleAccessor.java:62)
at java.base/java.lang.reflect.Constructor.newInstanceWithCaller(Constructor.java:502)
at java.base/java.lang.reflect.Constructor.newInstance(Constructor.java:486)
at org.openqa.selenium.remote.W3CHandshakeResponse.lambda$errorHandler$0(W3CHandshakeResponse.java:62)
at org.openqa.selenium.remote.HandshakeResponse.lambda$getResponseFunction$0(HandshakeResponse.java:30)
at org.openqa.selenium.remote.ProtocolHandshake.lambda$createSession$0(ProtocolHandshake.java:126)
at java.base/java.util.stream.ReferencePipeline$3$1.accept(ReferencePipeline.java:197)
at java.base/java.util.Spliterators$ArraySpliterator.tryAdvance(Spliterators.java:1034)
at java.base/java.util.stream.ReferencePipeline.forEachWithCancel(ReferencePipeline.java:129)
at java.base/java.util.stream.AbstractPipeline.copyIntoWithCancel(AbstractPipeline.java:527)
at java.base/java.util.stream.AbstractPipeline.copyInto(AbstractPipeline.java:513)
at java.base/java.util.stream.AbstractPipeline.wrapAndCopyInto(AbstractPipeline.java:499)
at java.base/java.util.stream.FindOps$FindOp.evaluateSequential(FindOps.java:150)
at java.base/java.util.stream.AbstractPipeline.evaluate(AbstractPipeline.java:234)
at java.base/java.util.stream.ReferencePipeline.findFirst(ReferencePipeline.java:647)
at org.openqa.selenium.remote.ProtocolHandshake.createSession(ProtocolHandshake.java:128)
at org.openqa.selenium.remote.ProtocolHandshake.createSession(ProtocolHandshake.java:74)
at org.openqa.selenium.remote.HttpCommandExecutor.execute(HttpCommandExecutor.java:136)
at org.openqa.selenium.remote.service.DriverCommandExecutor.execute(DriverCommandExecutor.java:83)
at org.openqa.selenium.remote.RemoteWebDriver.execute(RemoteWebDriver.java:552)
at org.openqa.selenium.remote.RemoteWebDriver.startSession(RemoteWebDriver.java:213)
at org.openqa.selenium.remote.RemoteWebDriver.<init>(RemoteWebDriver.java:131)
at org.openqa.selenium.chrome.ChromeDriver.<init>(ChromeDriver.java:181)
at org.openqa.selenium.chrome.ChromeDriver.<init>(ChromeDriver.java:168)
at org.openqa.selenium.chrome.ChromeDriver.<init>(ChromeDriver.java:157)
at Resources.GenericFunctions.initializeChromeDriver(GenericFunctions.java:68)
at TestNG_Tests.GenericVerification.collect_Load_Initialize(GenericVerification.java:87)
at java.base/jdk.internal.reflect.DirectMethodHandleAccessor.invoke(DirectMethodHandleAccessor.java:103)
at java.base/java.lang.reflect.Method.invoke(Method.java:580)
at org.testng.internal.MethodInvocationHelper.invokeMethod(MethodInvocationHelper.java:133)
at org.testng.internal.MethodInvocationHelper.invokeMethodConsideringTimeout(MethodInvocationHelper.java:62)
at org.testng.internal.ConfigInvoker.invokeConfigurationMethod(ConfigInvoker.java:385)
at org.testng.internal.ConfigInvoker.invokeConfigurations(ConfigInvoker.java:321)
at org.testng.TestRunner.invokeTestConfigurations(TestRunner.java:637)
at org.testng.TestRunner.beforeRun(TestRunner.java:627)
at org.testng.TestRunner.run(TestRunner.java:589)
at org.testng.SuiteRunner.runTest(SuiteRunner.java:377)
at org.testng.SuiteRunner.runSequentially(SuiteRunner.java:371)
at org.testng.SuiteRunner.privateRun(SuiteRunner.java:332)
at org.testng.SuiteRunner.run(SuiteRunner.java:276)
at org.testng.SuiteRunnerWorker.runSuite(SuiteRunnerWorker.java:53)
at org.testng.SuiteRunnerWorker.run(SuiteRunnerWorker.java:96)
at org.testng.TestNG.runSuitesSequentially(TestNG.java:1212)
at org.testng.TestNG.runSuitesLocally(TestNG.java:1134)
at org.testng.TestNG.runSuites(TestNG.java:1063)
at org.testng.TestNG.run(TestNG.java:1031)
at org.testng.remote.AbstractRemoteTestNG.run(AbstractRemoteTestNG.java:115)
at org.testng.remote.RemoteTestNG.initAndRun(RemoteTestNG.java:251)
at org.testng.remote.RemoteTestNG.main(RemoteTestNG.java:77)
]]>
            </full-stacktrace>
          </exception> <!-- org.openqa.selenium.SessionNotCreatedException -->
          <reporter-output>
          </reporter-output>
        </test-method> <!-- Test10_check_programID_populating_at_reports_page -->
        <test-method signature="Test11_masquerade_switch_back()[pri:11, instance:TestNG_Tests.GenericVerification@661972b0]" started-at="2024-09-12T12:49:59 IST" name="Test11_masquerade_switch_back" finished-at="2024-09-12T12:49:59 IST" duration-ms="0" status="SKIP">
          <exception class="org.openqa.selenium.SessionNotCreatedException">
            <message>
              <![CDATA[session not created: Chrome failed to start: exited normally.
  (session not created: DevToolsActivePort file doesn't exist)
  (The process started from chrome location C:\Program Files\Google\Chrome\Application\chrome.exe is no longer running, so ChromeDriver is assuming that Chrome has crashed.)
Build info: version: '3.141.59', revision: 'e82be7d358', time: '2018-11-14T08:17:03'
System info: host: 'CCU-SUDUTTA', ip: '10.22.30.254', os.name: 'Windows 11', os.arch: 'amd64', os.version: '10.0', java.version: '21.0.4'
Driver info: driver.version: ChromeDriver
remote stacktrace: GetHandleVerifier [0x00007FF63B8F9632+30946]
(No symbol) [0x00007FF63B8AE3C9]
(No symbol) [0x00007FF63B7A6FDA]
(No symbol) [0x00007FF63B7E0847]
(No symbol) [0x00007FF63B7DC4FA]
(No symbol) [0x00007FF63B8278B9]
(No symbol) [0x00007FF63B826F20]
(No symbol) [0x00007FF63B81C813]
(No symbol) [0x00007FF63B7EA6E5]
(No symbol) [0x00007FF63B7EB021]
GetHandleVerifier [0x00007FF63BA2F83D+1301229]
GetHandleVerifier [0x00007FF63BA3BDB7+1351783]
GetHandleVerifier [0x00007FF63BA32A03+1313971]
GetHandleVerifier [0x00007FF63B92DD06+245686]
(No symbol) [0x00007FF63B8B758F]
(No symbol) [0x00007FF63B8B3804]
(No symbol) [0x00007FF63B8B3992]
(No symbol) [0x00007FF63B8AA3EF]
BaseThreadInitThunk [0x00007FFB9AB9257D+29]
RtlUserThreadStart [0x00007FFB9C18AF28+40]
]]>
            </message>
            <full-stacktrace>
              <![CDATA[org.openqa.selenium.SessionNotCreatedException: session not created: Chrome failed to start: exited normally.
  (session not created: DevToolsActivePort file doesn't exist)
  (The process started from chrome location C:\Program Files\Google\Chrome\Application\chrome.exe is no longer running, so ChromeDriver is assuming that Chrome has crashed.)
Build info: version: '3.141.59', revision: 'e82be7d358', time: '2018-11-14T08:17:03'
System info: host: 'CCU-SUDUTTA', ip: '10.22.30.254', os.name: 'Windows 11', os.arch: 'amd64', os.version: '10.0', java.version: '21.0.4'
Driver info: driver.version: ChromeDriver
remote stacktrace: GetHandleVerifier [0x00007FF63B8F9632+30946]
(No symbol) [0x00007FF63B8AE3C9]
(No symbol) [0x00007FF63B7A6FDA]
(No symbol) [0x00007FF63B7E0847]
(No symbol) [0x00007FF63B7DC4FA]
(No symbol) [0x00007FF63B8278B9]
(No symbol) [0x00007FF63B826F20]
(No symbol) [0x00007FF63B81C813]
(No symbol) [0x00007FF63B7EA6E5]
(No symbol) [0x00007FF63B7EB021]
GetHandleVerifier [0x00007FF63BA2F83D+1301229]
GetHandleVerifier [0x00007FF63BA3BDB7+1351783]
GetHandleVerifier [0x00007FF63BA32A03+1313971]
GetHandleVerifier [0x00007FF63B92DD06+245686]
(No symbol) [0x00007FF63B8B758F]
(No symbol) [0x00007FF63B8B3804]
(No symbol) [0x00007FF63B8B3992]
(No symbol) [0x00007FF63B8AA3EF]
BaseThreadInitThunk [0x00007FFB9AB9257D+29]
RtlUserThreadStart [0x00007FFB9C18AF28+40]

at java.base/jdk.internal.reflect.DirectConstructorHandleAccessor.newInstance(DirectConstructorHandleAccessor.java:62)
at java.base/java.lang.reflect.Constructor.newInstanceWithCaller(Constructor.java:502)
at java.base/java.lang.reflect.Constructor.newInstance(Constructor.java:486)
at org.openqa.selenium.remote.W3CHandshakeResponse.lambda$errorHandler$0(W3CHandshakeResponse.java:62)
at org.openqa.selenium.remote.HandshakeResponse.lambda$getResponseFunction$0(HandshakeResponse.java:30)
at org.openqa.selenium.remote.ProtocolHandshake.lambda$createSession$0(ProtocolHandshake.java:126)
at java.base/java.util.stream.ReferencePipeline$3$1.accept(ReferencePipeline.java:197)
at java.base/java.util.Spliterators$ArraySpliterator.tryAdvance(Spliterators.java:1034)
at java.base/java.util.stream.ReferencePipeline.forEachWithCancel(ReferencePipeline.java:129)
at java.base/java.util.stream.AbstractPipeline.copyIntoWithCancel(AbstractPipeline.java:527)
at java.base/java.util.stream.AbstractPipeline.copyInto(AbstractPipeline.java:513)
at java.base/java.util.stream.AbstractPipeline.wrapAndCopyInto(AbstractPipeline.java:499)
at java.base/java.util.stream.FindOps$FindOp.evaluateSequential(FindOps.java:150)
at java.base/java.util.stream.AbstractPipeline.evaluate(AbstractPipeline.java:234)
at java.base/java.util.stream.ReferencePipeline.findFirst(ReferencePipeline.java:647)
at org.openqa.selenium.remote.ProtocolHandshake.createSession(ProtocolHandshake.java:128)
at org.openqa.selenium.remote.ProtocolHandshake.createSession(ProtocolHandshake.java:74)
at org.openqa.selenium.remote.HttpCommandExecutor.execute(HttpCommandExecutor.java:136)
at org.openqa.selenium.remote.service.DriverCommandExecutor.execute(DriverCommandExecutor.java:83)
at org.openqa.selenium.remote.RemoteWebDriver.execute(RemoteWebDriver.java:552)
at org.openqa.selenium.remote.RemoteWebDriver.startSession(RemoteWebDriver.java:213)
at org.openqa.selenium.remote.RemoteWebDriver.<init>(RemoteWebDriver.java:131)
at org.openqa.selenium.chrome.ChromeDriver.<init>(ChromeDriver.java:181)
at org.openqa.selenium.chrome.ChromeDriver.<init>(ChromeDriver.java:168)
at org.openqa.selenium.chrome.ChromeDriver.<init>(ChromeDriver.java:157)
at Resources.GenericFunctions.initializeChromeDriver(GenericFunctions.java:68)
at TestNG_Tests.GenericVerification.collect_Load_Initialize(GenericVerification.java:87)
at java.base/jdk.internal.reflect.DirectMethodHandleAccessor.invoke(DirectMethodHandleAccessor.java:103)
at java.base/java.lang.reflect.Method.invoke(Method.java:580)
at org.testng.internal.MethodInvocationHelper.invokeMethod(MethodInvocationHelper.java:133)
at org.testng.internal.MethodInvocationHelper.invokeMethodConsideringTimeout(MethodInvocationHelper.java:62)
at org.testng.internal.ConfigInvoker.invokeConfigurationMethod(ConfigInvoker.java:385)
at org.testng.internal.ConfigInvoker.invokeConfigurations(ConfigInvoker.java:321)
at org.testng.TestRunner.invokeTestConfigurations(TestRunner.java:637)
at org.testng.TestRunner.beforeRun(TestRunner.java:627)
at org.testng.TestRunner.run(TestRunner.java:589)
at org.testng.SuiteRunner.runTest(SuiteRunner.java:377)
at org.testng.SuiteRunner.runSequentially(SuiteRunner.java:371)
at org.testng.SuiteRunner.privateRun(SuiteRunner.java:332)
at org.testng.SuiteRunner.run(SuiteRunner.java:276)
at org.testng.SuiteRunnerWorker.runSuite(SuiteRunnerWorker.java:53)
at org.testng.SuiteRunnerWorker.run(SuiteRunnerWorker.java:96)
at org.testng.TestNG.runSuitesSequentially(TestNG.java:1212)
at org.testng.TestNG.runSuitesLocally(TestNG.java:1134)
at org.testng.TestNG.runSuites(TestNG.java:1063)
at org.testng.TestNG.run(TestNG.java:1031)
at org.testng.remote.AbstractRemoteTestNG.run(AbstractRemoteTestNG.java:115)
at org.testng.remote.RemoteTestNG.initAndRun(RemoteTestNG.java:251)
at org.testng.remote.RemoteTestNG.main(RemoteTestNG.java:77)
]]>
            </full-stacktrace>
          </exception> <!-- org.openqa.selenium.SessionNotCreatedException -->
          <reporter-output>
          </reporter-output>
        </test-method> <!-- Test11_masquerade_switch_back -->
        <test-method signature="Test12_delete_CM_task_id()[pri:12, instance:TestNG_Tests.GenericVerification@661972b0]" started-at="2024-09-12T12:49:59 IST" name="Test12_delete_CM_task_id" finished-at="2024-09-12T12:49:59 IST" duration-ms="0" status="SKIP">
          <exception class="org.openqa.selenium.SessionNotCreatedException">
            <message>
              <![CDATA[session not created: Chrome failed to start: exited normally.
  (session not created: DevToolsActivePort file doesn't exist)
  (The process started from chrome location C:\Program Files\Google\Chrome\Application\chrome.exe is no longer running, so ChromeDriver is assuming that Chrome has crashed.)
Build info: version: '3.141.59', revision: 'e82be7d358', time: '2018-11-14T08:17:03'
System info: host: 'CCU-SUDUTTA', ip: '10.22.30.254', os.name: 'Windows 11', os.arch: 'amd64', os.version: '10.0', java.version: '21.0.4'
Driver info: driver.version: ChromeDriver
remote stacktrace: GetHandleVerifier [0x00007FF63B8F9632+30946]
(No symbol) [0x00007FF63B8AE3C9]
(No symbol) [0x00007FF63B7A6FDA]
(No symbol) [0x00007FF63B7E0847]
(No symbol) [0x00007FF63B7DC4FA]
(No symbol) [0x00007FF63B8278B9]
(No symbol) [0x00007FF63B826F20]
(No symbol) [0x00007FF63B81C813]
(No symbol) [0x00007FF63B7EA6E5]
(No symbol) [0x00007FF63B7EB021]
GetHandleVerifier [0x00007FF63BA2F83D+1301229]
GetHandleVerifier [0x00007FF63BA3BDB7+1351783]
GetHandleVerifier [0x00007FF63BA32A03+1313971]
GetHandleVerifier [0x00007FF63B92DD06+245686]
(No symbol) [0x00007FF63B8B758F]
(No symbol) [0x00007FF63B8B3804]
(No symbol) [0x00007FF63B8B3992]
(No symbol) [0x00007FF63B8AA3EF]
BaseThreadInitThunk [0x00007FFB9AB9257D+29]
RtlUserThreadStart [0x00007FFB9C18AF28+40]
]]>
            </message>
            <full-stacktrace>
              <![CDATA[org.openqa.selenium.SessionNotCreatedException: session not created: Chrome failed to start: exited normally.
  (session not created: DevToolsActivePort file doesn't exist)
  (The process started from chrome location C:\Program Files\Google\Chrome\Application\chrome.exe is no longer running, so ChromeDriver is assuming that Chrome has crashed.)
Build info: version: '3.141.59', revision: 'e82be7d358', time: '2018-11-14T08:17:03'
System info: host: 'CCU-SUDUTTA', ip: '10.22.30.254', os.name: 'Windows 11', os.arch: 'amd64', os.version: '10.0', java.version: '21.0.4'
Driver info: driver.version: ChromeDriver
remote stacktrace: GetHandleVerifier [0x00007FF63B8F9632+30946]
(No symbol) [0x00007FF63B8AE3C9]
(No symbol) [0x00007FF63B7A6FDA]
(No symbol) [0x00007FF63B7E0847]
(No symbol) [0x00007FF63B7DC4FA]
(No symbol) [0x00007FF63B8278B9]
(No symbol) [0x00007FF63B826F20]
(No symbol) [0x00007FF63B81C813]
(No symbol) [0x00007FF63B7EA6E5]
(No symbol) [0x00007FF63B7EB021]
GetHandleVerifier [0x00007FF63BA2F83D+1301229]
GetHandleVerifier [0x00007FF63BA3BDB7+1351783]
GetHandleVerifier [0x00007FF63BA32A03+1313971]
GetHandleVerifier [0x00007FF63B92DD06+245686]
(No symbol) [0x00007FF63B8B758F]
(No symbol) [0x00007FF63B8B3804]
(No symbol) [0x00007FF63B8B3992]
(No symbol) [0x00007FF63B8AA3EF]
BaseThreadInitThunk [0x00007FFB9AB9257D+29]
RtlUserThreadStart [0x00007FFB9C18AF28+40]

at java.base/jdk.internal.reflect.DirectConstructorHandleAccessor.newInstance(DirectConstructorHandleAccessor.java:62)
at java.base/java.lang.reflect.Constructor.newInstanceWithCaller(Constructor.java:502)
at java.base/java.lang.reflect.Constructor.newInstance(Constructor.java:486)
at org.openqa.selenium.remote.W3CHandshakeResponse.lambda$errorHandler$0(W3CHandshakeResponse.java:62)
at org.openqa.selenium.remote.HandshakeResponse.lambda$getResponseFunction$0(HandshakeResponse.java:30)
at org.openqa.selenium.remote.ProtocolHandshake.lambda$createSession$0(ProtocolHandshake.java:126)
at java.base/java.util.stream.ReferencePipeline$3$1.accept(ReferencePipeline.java:197)
at java.base/java.util.Spliterators$ArraySpliterator.tryAdvance(Spliterators.java:1034)
at java.base/java.util.stream.ReferencePipeline.forEachWithCancel(ReferencePipeline.java:129)
at java.base/java.util.stream.AbstractPipeline.copyIntoWithCancel(AbstractPipeline.java:527)
at java.base/java.util.stream.AbstractPipeline.copyInto(AbstractPipeline.java:513)
at java.base/java.util.stream.AbstractPipeline.wrapAndCopyInto(AbstractPipeline.java:499)
at java.base/java.util.stream.FindOps$FindOp.evaluateSequential(FindOps.java:150)
at java.base/java.util.stream.AbstractPipeline.evaluate(AbstractPipeline.java:234)
at java.base/java.util.stream.ReferencePipeline.findFirst(ReferencePipeline.java:647)
at org.openqa.selenium.remote.ProtocolHandshake.createSession(ProtocolHandshake.java:128)
at org.openqa.selenium.remote.ProtocolHandshake.createSession(ProtocolHandshake.java:74)
at org.openqa.selenium.remote.HttpCommandExecutor.execute(HttpCommandExecutor.java:136)
at org.openqa.selenium.remote.service.DriverCommandExecutor.execute(DriverCommandExecutor.java:83)
at org.openqa.selenium.remote.RemoteWebDriver.execute(RemoteWebDriver.java:552)
at org.openqa.selenium.remote.RemoteWebDriver.startSession(RemoteWebDriver.java:213)
at org.openqa.selenium.remote.RemoteWebDriver.<init>(RemoteWebDriver.java:131)
at org.openqa.selenium.chrome.ChromeDriver.<init>(ChromeDriver.java:181)
at org.openqa.selenium.chrome.ChromeDriver.<init>(ChromeDriver.java:168)
at org.openqa.selenium.chrome.ChromeDriver.<init>(ChromeDriver.java:157)
at Resources.GenericFunctions.initializeChromeDriver(GenericFunctions.java:68)
at TestNG_Tests.GenericVerification.collect_Load_Initialize(GenericVerification.java:87)
at java.base/jdk.internal.reflect.DirectMethodHandleAccessor.invoke(DirectMethodHandleAccessor.java:103)
at java.base/java.lang.reflect.Method.invoke(Method.java:580)
at org.testng.internal.MethodInvocationHelper.invokeMethod(MethodInvocationHelper.java:133)
at org.testng.internal.MethodInvocationHelper.invokeMethodConsideringTimeout(MethodInvocationHelper.java:62)
at org.testng.internal.ConfigInvoker.invokeConfigurationMethod(ConfigInvoker.java:385)
at org.testng.internal.ConfigInvoker.invokeConfigurations(ConfigInvoker.java:321)
at org.testng.TestRunner.invokeTestConfigurations(TestRunner.java:637)
at org.testng.TestRunner.beforeRun(TestRunner.java:627)
at org.testng.TestRunner.run(TestRunner.java:589)
at org.testng.SuiteRunner.runTest(SuiteRunner.java:377)
at org.testng.SuiteRunner.runSequentially(SuiteRunner.java:371)
at org.testng.SuiteRunner.privateRun(SuiteRunner.java:332)
at org.testng.SuiteRunner.run(SuiteRunner.java:276)
at org.testng.SuiteRunnerWorker.runSuite(SuiteRunnerWorker.java:53)
at org.testng.SuiteRunnerWorker.run(SuiteRunnerWorker.java:96)
at org.testng.TestNG.runSuitesSequentially(TestNG.java:1212)
at org.testng.TestNG.runSuitesLocally(TestNG.java:1134)
at org.testng.TestNG.runSuites(TestNG.java:1063)
at org.testng.TestNG.run(TestNG.java:1031)
at org.testng.remote.AbstractRemoteTestNG.run(AbstractRemoteTestNG.java:115)
at org.testng.remote.RemoteTestNG.initAndRun(RemoteTestNG.java:251)
at org.testng.remote.RemoteTestNG.main(RemoteTestNG.java:77)
]]>
            </full-stacktrace>
          </exception> <!-- org.openqa.selenium.SessionNotCreatedException -->
          <reporter-output>
          </reporter-output>
        </test-method> <!-- Test12_delete_CM_task_id -->
        <test-method signature="Test12_logout_and_close()[pri:13, instance:TestNG_Tests.GenericVerification@661972b0]" started-at="2024-09-12T12:49:59 IST" name="Test12_logout_and_close" finished-at="2024-09-12T12:49:59 IST" duration-ms="0" status="SKIP">
          <exception class="org.openqa.selenium.SessionNotCreatedException">
            <message>
              <![CDATA[session not created: Chrome failed to start: exited normally.
  (session not created: DevToolsActivePort file doesn't exist)
  (The process started from chrome location C:\Program Files\Google\Chrome\Application\chrome.exe is no longer running, so ChromeDriver is assuming that Chrome has crashed.)
Build info: version: '3.141.59', revision: 'e82be7d358', time: '2018-11-14T08:17:03'
System info: host: 'CCU-SUDUTTA', ip: '10.22.30.254', os.name: 'Windows 11', os.arch: 'amd64', os.version: '10.0', java.version: '21.0.4'
Driver info: driver.version: ChromeDriver
remote stacktrace: GetHandleVerifier [0x00007FF63B8F9632+30946]
(No symbol) [0x00007FF63B8AE3C9]
(No symbol) [0x00007FF63B7A6FDA]
(No symbol) [0x00007FF63B7E0847]
(No symbol) [0x00007FF63B7DC4FA]
(No symbol) [0x00007FF63B8278B9]
(No symbol) [0x00007FF63B826F20]
(No symbol) [0x00007FF63B81C813]
(No symbol) [0x00007FF63B7EA6E5]
(No symbol) [0x00007FF63B7EB021]
GetHandleVerifier [0x00007FF63BA2F83D+1301229]
GetHandleVerifier [0x00007FF63BA3BDB7+1351783]
GetHandleVerifier [0x00007FF63BA32A03+1313971]
GetHandleVerifier [0x00007FF63B92DD06+245686]
(No symbol) [0x00007FF63B8B758F]
(No symbol) [0x00007FF63B8B3804]
(No symbol) [0x00007FF63B8B3992]
(No symbol) [0x00007FF63B8AA3EF]
BaseThreadInitThunk [0x00007FFB9AB9257D+29]
RtlUserThreadStart [0x00007FFB9C18AF28+40]
]]>
            </message>
            <full-stacktrace>
              <![CDATA[org.openqa.selenium.SessionNotCreatedException: session not created: Chrome failed to start: exited normally.
  (session not created: DevToolsActivePort file doesn't exist)
  (The process started from chrome location C:\Program Files\Google\Chrome\Application\chrome.exe is no longer running, so ChromeDriver is assuming that Chrome has crashed.)
Build info: version: '3.141.59', revision: 'e82be7d358', time: '2018-11-14T08:17:03'
System info: host: 'CCU-SUDUTTA', ip: '10.22.30.254', os.name: 'Windows 11', os.arch: 'amd64', os.version: '10.0', java.version: '21.0.4'
Driver info: driver.version: ChromeDriver
remote stacktrace: GetHandleVerifier [0x00007FF63B8F9632+30946]
(No symbol) [0x00007FF63B8AE3C9]
(No symbol) [0x00007FF63B7A6FDA]
(No symbol) [0x00007FF63B7E0847]
(No symbol) [0x00007FF63B7DC4FA]
(No symbol) [0x00007FF63B8278B9]
(No symbol) [0x00007FF63B826F20]
(No symbol) [0x00007FF63B81C813]
(No symbol) [0x00007FF63B7EA6E5]
(No symbol) [0x00007FF63B7EB021]
GetHandleVerifier [0x00007FF63BA2F83D+1301229]
GetHandleVerifier [0x00007FF63BA3BDB7+1351783]
GetHandleVerifier [0x00007FF63BA32A03+1313971]
GetHandleVerifier [0x00007FF63B92DD06+245686]
(No symbol) [0x00007FF63B8B758F]
(No symbol) [0x00007FF63B8B3804]
(No symbol) [0x00007FF63B8B3992]
(No symbol) [0x00007FF63B8AA3EF]
BaseThreadInitThunk [0x00007FFB9AB9257D+29]
RtlUserThreadStart [0x00007FFB9C18AF28+40]

at java.base/jdk.internal.reflect.DirectConstructorHandleAccessor.newInstance(DirectConstructorHandleAccessor.java:62)
at java.base/java.lang.reflect.Constructor.newInstanceWithCaller(Constructor.java:502)
at java.base/java.lang.reflect.Constructor.newInstance(Constructor.java:486)
at org.openqa.selenium.remote.W3CHandshakeResponse.lambda$errorHandler$0(W3CHandshakeResponse.java:62)
at org.openqa.selenium.remote.HandshakeResponse.lambda$getResponseFunction$0(HandshakeResponse.java:30)
at org.openqa.selenium.remote.ProtocolHandshake.lambda$createSession$0(ProtocolHandshake.java:126)
at java.base/java.util.stream.ReferencePipeline$3$1.accept(ReferencePipeline.java:197)
at java.base/java.util.Spliterators$ArraySpliterator.tryAdvance(Spliterators.java:1034)
at java.base/java.util.stream.ReferencePipeline.forEachWithCancel(ReferencePipeline.java:129)
at java.base/java.util.stream.AbstractPipeline.copyIntoWithCancel(AbstractPipeline.java:527)
at java.base/java.util.stream.AbstractPipeline.copyInto(AbstractPipeline.java:513)
at java.base/java.util.stream.AbstractPipeline.wrapAndCopyInto(AbstractPipeline.java:499)
at java.base/java.util.stream.FindOps$FindOp.evaluateSequential(FindOps.java:150)
at java.base/java.util.stream.AbstractPipeline.evaluate(AbstractPipeline.java:234)
at java.base/java.util.stream.ReferencePipeline.findFirst(ReferencePipeline.java:647)
at org.openqa.selenium.remote.ProtocolHandshake.createSession(ProtocolHandshake.java:128)
at org.openqa.selenium.remote.ProtocolHandshake.createSession(ProtocolHandshake.java:74)
at org.openqa.selenium.remote.HttpCommandExecutor.execute(HttpCommandExecutor.java:136)
at org.openqa.selenium.remote.service.DriverCommandExecutor.execute(DriverCommandExecutor.java:83)
at org.openqa.selenium.remote.RemoteWebDriver.execute(RemoteWebDriver.java:552)
at org.openqa.selenium.remote.RemoteWebDriver.startSession(RemoteWebDriver.java:213)
at org.openqa.selenium.remote.RemoteWebDriver.<init>(RemoteWebDriver.java:131)
at org.openqa.selenium.chrome.ChromeDriver.<init>(ChromeDriver.java:181)
at org.openqa.selenium.chrome.ChromeDriver.<init>(ChromeDriver.java:168)
at org.openqa.selenium.chrome.ChromeDriver.<init>(ChromeDriver.java:157)
at Resources.GenericFunctions.initializeChromeDriver(GenericFunctions.java:68)
at TestNG_Tests.GenericVerification.collect_Load_Initialize(GenericVerification.java:87)
at java.base/jdk.internal.reflect.DirectMethodHandleAccessor.invoke(DirectMethodHandleAccessor.java:103)
at java.base/java.lang.reflect.Method.invoke(Method.java:580)
at org.testng.internal.MethodInvocationHelper.invokeMethod(MethodInvocationHelper.java:133)
at org.testng.internal.MethodInvocationHelper.invokeMethodConsideringTimeout(MethodInvocationHelper.java:62)
at org.testng.internal.ConfigInvoker.invokeConfigurationMethod(ConfigInvoker.java:385)
at org.testng.internal.ConfigInvoker.invokeConfigurations(ConfigInvoker.java:321)
at org.testng.TestRunner.invokeTestConfigurations(TestRunner.java:637)
at org.testng.TestRunner.beforeRun(TestRunner.java:627)
at org.testng.TestRunner.run(TestRunner.java:589)
at org.testng.SuiteRunner.runTest(SuiteRunner.java:377)
at org.testng.SuiteRunner.runSequentially(SuiteRunner.java:371)
at org.testng.SuiteRunner.privateRun(SuiteRunner.java:332)
at org.testng.SuiteRunner.run(SuiteRunner.java:276)
at org.testng.SuiteRunnerWorker.runSuite(SuiteRunnerWorker.java:53)
at org.testng.SuiteRunnerWorker.run(SuiteRunnerWorker.java:96)
at org.testng.TestNG.runSuitesSequentially(TestNG.java:1212)
at org.testng.TestNG.runSuitesLocally(TestNG.java:1134)
at org.testng.TestNG.runSuites(TestNG.java:1063)
at org.testng.TestNG.run(TestNG.java:1031)
at org.testng.remote.AbstractRemoteTestNG.run(AbstractRemoteTestNG.java:115)
at org.testng.remote.RemoteTestNG.initAndRun(RemoteTestNG.java:251)
at org.testng.remote.RemoteTestNG.main(RemoteTestNG.java:77)
]]>
            </full-stacktrace>
          </exception> <!-- org.openqa.selenium.SessionNotCreatedException -->
          <reporter-output>
          </reporter-output>
        </test-method> <!-- Test12_logout_and_close -->
        <test-method is-config="true" signature="generate_report_file()[pri:0, instance:TestNG_Tests.GenericVerification@661972b0]" started-at="2024-09-12T12:49:59 IST" name="generate_report_file" finished-at="1970-01-01T05:30:00 IST" duration-ms="-1726125599367" status="SKIP">
          <reporter-output>
          </reporter-output>
        </test-method> <!-- generate_report_file -->
      </class> <!-- TestNG_Tests.GenericVerification -->
    </test> <!-- Default test -->
  </suite> <!-- Default suite -->
</testng-results>
